

Started GET "/" for 127.0.0.1 at Fri Apr 20 09:57:19 +0530 2012
  Processing by HomesController#index as HTML
Rendered homes/index.html.erb within layouts/application (4.4ms)
Completed 200 OK in 8ms (Views: 7.6ms | ActiveRecord: 0.0ms)


Started GET "/javascripts/jquery-latest.js?1324722354" for 127.0.0.1 at Fri Apr 20 09:57:19 +0530 2012

ActionController::RoutingError (No route matches "/javascripts/jquery-latest.js"):
  

Rendered /home/nethaji/Projects/gemsource/ruby/1.8/gems/actionpack-3.0.1/lib/action_dispatch/middleware/templates/rescues/routing_error.erb within rescues/layout (1.0ms)


Started GET "/javascripts/prototype.js?1333461969" for 127.0.0.1 at Fri Apr 20 09:57:19 +0530 2012

ActionController::RoutingError (No route matches "/javascripts/prototype.js"):
  

Rendered /home/nethaji/Projects/gemsource/ruby/1.8/gems/actionpack-3.0.1/lib/action_dispatch/middleware/templates/rescues/routing_error.erb within rescues/layout (1.1ms)


Started GET "/javascripts/effects.js?1333461969" for 127.0.0.1 at Fri Apr 20 09:57:19 +0530 2012

ActionController::RoutingError (No route matches "/javascripts/effects.js"):
  

Rendered /home/nethaji/Projects/gemsource/ruby/1.8/gems/actionpack-3.0.1/lib/action_dispatch/middleware/templates/rescues/routing_error.erb within rescues/layout (0.5ms)


Started GET "/javascripts/controls.js?1333461969" for 127.0.0.1 at Fri Apr 20 09:57:19 +0530 2012

ActionController::RoutingError (No route matches "/javascripts/controls.js"):
  

Rendered /home/nethaji/Projects/gemsource/ruby/1.8/gems/actionpack-3.0.1/lib/action_dispatch/middleware/templates/rescues/routing_error.erb within rescues/layout (0.7ms)


Started GET "/javascripts/dragdrop.js?1333461969" for 127.0.0.1 at Fri Apr 20 09:57:19 +0530 2012

ActionController::RoutingError (No route matches "/javascripts/dragdrop.js"):
  

Rendered /home/nethaji/Projects/gemsource/ruby/1.8/gems/actionpack-3.0.1/lib/action_dispatch/middleware/templates/rescues/routing_error.erb within rescues/layout (0.6ms)


Started GET "/javascripts/rails.js?1333461969" for 127.0.0.1 at Fri Apr 20 09:57:19 +0530 2012

ActionController::RoutingError (No route matches "/javascripts/rails.js"):
  

Rendered /home/nethaji/Projects/gemsource/ruby/1.8/gems/actionpack-3.0.1/lib/action_dispatch/middleware/templates/rescues/routing_error.erb within rescues/layout (1.4ms)


Started GET "/netzke/ext.css?1334896014" for 127.0.0.1 at Fri Apr 20 09:57:19 +0530 2012
  Processing by NetzkeController#ext as CSS
  Parameters: {"1334896014"=>nil}
Completed 401 Unauthorized in 0ms


Started GET "/extjs/adapter/ext/ext-base.js?1333461968" for 127.0.0.1 at Fri Apr 20 09:57:19 +0530 2012

ActionController::RoutingError (No route matches "/extjs/adapter/ext/ext-base.js"):
  

Rendered /home/nethaji/Projects/gemsource/ruby/1.8/gems/actionpack-3.0.1/lib/action_dispatch/middleware/templates/rescues/routing_error.erb within rescues/layout (1.0ms)


Started GET "/extjs/ext-all.js?1333461968" for 127.0.0.1 at Fri Apr 20 09:57:19 +0530 2012

ActionController::RoutingError (No route matches "/extjs/ext-all.js"):
  

Rendered /home/nethaji/Projects/gemsource/ruby/1.8/gems/actionpack-3.0.1/lib/action_dispatch/middleware/templates/rescues/routing_error.erb within rescues/layout (0.5ms)


Started GET "/netzke/ext.js?1334896014" for 127.0.0.1 at Fri Apr 20 09:57:19 +0530 2012
  Processing by NetzkeController#ext as JS
  Parameters: {"1334896014"=>nil}
Completed 401 Unauthorized in 0ms


Started GET "/javascripts/application.js?1334727843" for 127.0.0.1 at Fri Apr 20 09:57:19 +0530 2012

ActionController::RoutingError (No route matches "/javascripts/application.js"):
  

Rendered /home/nethaji/Projects/gemsource/ruby/1.8/gems/actionpack-3.0.1/lib/action_dispatch/middleware/templates/rescues/routing_error.erb within rescues/layout (0.8ms)


Started GET "/stylesheets/style.css?1334657312" for 127.0.0.1 at Fri Apr 20 09:57:19 +0530 2012

ActionController::RoutingError (No route matches "/stylesheets/style.css"):
  

Rendered /home/nethaji/Projects/gemsource/ruby/1.8/gems/actionpack-3.0.1/lib/action_dispatch/middleware/templates/rescues/routing_error.erb within rescues/layout (0.5ms)


Started GET "/stylesheets/menu.css?1334659953" for 127.0.0.1 at Fri Apr 20 09:57:19 +0530 2012

ActionController::RoutingError (No route matches "/stylesheets/menu.css"):
  

Rendered /home/nethaji/Projects/gemsource/ruby/1.8/gems/actionpack-3.0.1/lib/action_dispatch/middleware/templates/rescues/routing_error.erb within rescues/layout (0.7ms)


Started GET "/stylesheets/forum.css?1333461969" for 127.0.0.1 at Fri Apr 20 09:57:19 +0530 2012

ActionController::RoutingError (No route matches "/stylesheets/forum.css"):
  

Rendered /home/nethaji/Projects/gemsource/ruby/1.8/gems/actionpack-3.0.1/lib/action_dispatch/middleware/templates/rescues/routing_error.erb within rescues/layout (0.5ms)


Started GET "/stylesheets/application.css?1334842229" for 127.0.0.1 at Fri Apr 20 09:57:19 +0530 2012

ActionController::RoutingError (No route matches "/stylesheets/application.css"):
  

Rendered /home/nethaji/Projects/gemsource/ruby/1.8/gems/actionpack-3.0.1/lib/action_dispatch/middleware/templates/rescues/routing_error.erb within rescues/layout (0.5ms)


Started GET "/stylesheets/company.css?1333461969" for 127.0.0.1 at Fri Apr 20 09:57:19 +0530 2012

ActionController::RoutingError (No route matches "/stylesheets/company.css"):
  

Rendered /home/nethaji/Projects/gemsource/ruby/1.8/gems/actionpack-3.0.1/lib/action_dispatch/middleware/templates/rescues/routing_error.erb within rescues/layout (0.5ms)


Started GET "/extjs/resources/css/ext-all.css?1333461968" for 127.0.0.1 at Fri Apr 20 09:57:19 +0530 2012

ActionController::RoutingError (No route matches "/extjs/resources/css/ext-all.css"):
  

Rendered /home/nethaji/Projects/gemsource/ruby/1.8/gems/actionpack-3.0.1/lib/action_dispatch/middleware/templates/rescues/routing_error.erb within rescues/layout (0.6ms)


Started GET "/extjs/examples/ux/gridfilters/css/RangeMenu.css?1333461968" for 127.0.0.1 at Fri Apr 20 09:57:19 +0530 2012

ActionController::RoutingError (No route matches "/extjs/examples/ux/gridfilters/css/RangeMenu.css"):
  

Rendered /home/nethaji/Projects/gemsource/ruby/1.8/gems/actionpack-3.0.1/lib/action_dispatch/middleware/templates/rescues/routing_error.erb within rescues/layout (0.5ms)


Started GET "/extjs/examples/ux/gridfilters/css/GridFilters.css?1333461968" for 127.0.0.1 at Fri Apr 20 09:57:19 +0530 2012

ActionController::RoutingError (No route matches "/extjs/examples/ux/gridfilters/css/GridFilters.css"):
  

Rendered /home/nethaji/Projects/gemsource/ruby/1.8/gems/actionpack-3.0.1/lib/action_dispatch/middleware/templates/rescues/routing_error.erb within rescues/layout (0.6ms)


Started GET "/" for 127.0.0.1 at Fri Apr 20 09:57:24 +0530 2012
  Processing by HomesController#index as HTML
Rendered homes/index.html.erb within layouts/application (2.8ms)
Completed 200 OK in 4ms (Views: 3.2ms | ActiveRecord: 0.0ms)


Started GET "/javascripts/jquery-latest.js?1324722354" for 127.0.0.1 at Fri Apr 20 09:57:24 +0530 2012

ActionController::RoutingError (No route matches "/javascripts/jquery-latest.js"):
  

Rendered /home/nethaji/Projects/gemsource/ruby/1.8/gems/actionpack-3.0.1/lib/action_dispatch/middleware/templates/rescues/routing_error.erb within rescues/layout (0.6ms)


Started GET "/javascripts/prototype.js?1333461969" for 127.0.0.1 at Fri Apr 20 09:57:24 +0530 2012

ActionController::RoutingError (No route matches "/javascripts/prototype.js"):
  

Rendered /home/nethaji/Projects/gemsource/ruby/1.8/gems/actionpack-3.0.1/lib/action_dispatch/middleware/templates/rescues/routing_error.erb within rescues/layout (0.5ms)


Started GET "/javascripts/effects.js?1333461969" for 127.0.0.1 at Fri Apr 20 09:57:24 +0530 2012

ActionController::RoutingError (No route matches "/javascripts/effects.js"):
  

Rendered /home/nethaji/Projects/gemsource/ruby/1.8/gems/actionpack-3.0.1/lib/action_dispatch/middleware/templates/rescues/routing_error.erb within rescues/layout (0.7ms)


Started GET "/javascripts/dragdrop.js?1333461969" for 127.0.0.1 at Fri Apr 20 09:57:24 +0530 2012

ActionController::RoutingError (No route matches "/javascripts/dragdrop.js"):
  

Rendered /home/nethaji/Projects/gemsource/ruby/1.8/gems/actionpack-3.0.1/lib/action_dispatch/middleware/templates/rescues/routing_error.erb within rescues/layout (0.6ms)


Started GET "/javascripts/controls.js?1333461969" for 127.0.0.1 at Fri Apr 20 09:57:24 +0530 2012

ActionController::RoutingError (No route matches "/javascripts/controls.js"):
  

Rendered /home/nethaji/Projects/gemsource/ruby/1.8/gems/actionpack-3.0.1/lib/action_dispatch/middleware/templates/rescues/routing_error.erb within rescues/layout (0.7ms)


Started GET "/javascripts/rails.js?1333461969" for 127.0.0.1 at Fri Apr 20 09:57:24 +0530 2012

ActionController::RoutingError (No route matches "/javascripts/rails.js"):
  

Rendered /home/nethaji/Projects/gemsource/ruby/1.8/gems/actionpack-3.0.1/lib/action_dispatch/middleware/templates/rescues/routing_error.erb within rescues/layout (0.6ms)


Started GET "/javascripts/application.js?1334727843" for 127.0.0.1 at Fri Apr 20 09:57:24 +0530 2012

ActionController::RoutingError (No route matches "/javascripts/application.js"):
  

Rendered /home/nethaji/Projects/gemsource/ruby/1.8/gems/actionpack-3.0.1/lib/action_dispatch/middleware/templates/rescues/routing_error.erb within rescues/layout (0.6ms)


Started GET "/netzke/ext.css?1334896014" for 127.0.0.1 at Fri Apr 20 09:57:24 +0530 2012
  Processing by NetzkeController#ext as CSS
  Parameters: {"1334896014"=>nil}
Completed 401 Unauthorized in 0ms


Started GET "/stylesheets/style.css?1334657312" for 127.0.0.1 at Fri Apr 20 09:57:24 +0530 2012

ActionController::RoutingError (No route matches "/stylesheets/style.css"):
  

Rendered /home/nethaji/Projects/gemsource/ruby/1.8/gems/actionpack-3.0.1/lib/action_dispatch/middleware/templates/rescues/routing_error.erb within rescues/layout (0.7ms)


Started GET "/stylesheets/menu.css?1334659953" for 127.0.0.1 at Fri Apr 20 09:57:24 +0530 2012

ActionController::RoutingError (No route matches "/stylesheets/menu.css"):
  

Rendered /home/nethaji/Projects/gemsource/ruby/1.8/gems/actionpack-3.0.1/lib/action_dispatch/middleware/templates/rescues/routing_error.erb within rescues/layout (0.7ms)


Started GET "/stylesheets/application.css?1334842229" for 127.0.0.1 at Fri Apr 20 09:57:24 +0530 2012

ActionController::RoutingError (No route matches "/stylesheets/application.css"):
  

Rendered /home/nethaji/Projects/gemsource/ruby/1.8/gems/actionpack-3.0.1/lib/action_dispatch/middleware/templates/rescues/routing_error.erb within rescues/layout (0.5ms)


Started GET "/netzke/ext.js?1334896014" for 127.0.0.1 at Fri Apr 20 09:57:24 +0530 2012
  Processing by NetzkeController#ext as JS
  Parameters: {"1334896014"=>nil}
Completed 401 Unauthorized in 0ms


Started GET "/stylesheets/forum.css?1333461969" for 127.0.0.1 at Fri Apr 20 09:57:24 +0530 2012

ActionController::RoutingError (No route matches "/stylesheets/forum.css"):
  

Rendered /home/nethaji/Projects/gemsource/ruby/1.8/gems/actionpack-3.0.1/lib/action_dispatch/middleware/templates/rescues/routing_error.erb within rescues/layout (0.7ms)


Started GET "/stylesheets/company.css?1333461969" for 127.0.0.1 at Fri Apr 20 09:57:24 +0530 2012

ActionController::RoutingError (No route matches "/stylesheets/company.css"):
  

Rendered /home/nethaji/Projects/gemsource/ruby/1.8/gems/actionpack-3.0.1/lib/action_dispatch/middleware/templates/rescues/routing_error.erb within rescues/layout (0.6ms)


Started GET "/extjs/resources/css/ext-all.css?1333461968" for 127.0.0.1 at Fri Apr 20 09:57:24 +0530 2012

ActionController::RoutingError (No route matches "/extjs/resources/css/ext-all.css"):
  

Rendered /home/nethaji/Projects/gemsource/ruby/1.8/gems/actionpack-3.0.1/lib/action_dispatch/middleware/templates/rescues/routing_error.erb within rescues/layout (0.6ms)


Started GET "/extjs/examples/ux/gridfilters/css/RangeMenu.css?1333461968" for 127.0.0.1 at Fri Apr 20 09:57:24 +0530 2012

ActionController::RoutingError (No route matches "/extjs/examples/ux/gridfilters/css/RangeMenu.css"):
  

Rendered /home/nethaji/Projects/gemsource/ruby/1.8/gems/actionpack-3.0.1/lib/action_dispatch/middleware/templates/rescues/routing_error.erb within rescues/layout (0.5ms)


Started GET "/extjs/adapter/ext/ext-base.js?1333461968" for 127.0.0.1 at Fri Apr 20 09:57:24 +0530 2012

ActionController::RoutingError (No route matches "/extjs/adapter/ext/ext-base.js"):
  

Rendered /home/nethaji/Projects/gemsource/ruby/1.8/gems/actionpack-3.0.1/lib/action_dispatch/middleware/templates/rescues/routing_error.erb within rescues/layout (0.6ms)


Started GET "/extjs/examples/ux/gridfilters/css/GridFilters.css?1333461968" for 127.0.0.1 at Fri Apr 20 09:57:24 +0530 2012

ActionController::RoutingError (No route matches "/extjs/examples/ux/gridfilters/css/GridFilters.css"):
  

Rendered /home/nethaji/Projects/gemsource/ruby/1.8/gems/actionpack-3.0.1/lib/action_dispatch/middleware/templates/rescues/routing_error.erb within rescues/layout (0.8ms)


Started GET "/extjs/ext-all.js?1333461968" for 127.0.0.1 at Fri Apr 20 09:57:24 +0530 2012

ActionController::RoutingError (No route matches "/extjs/ext-all.js"):
  

Rendered /home/nethaji/Projects/gemsource/ruby/1.8/gems/actionpack-3.0.1/lib/action_dispatch/middleware/templates/rescues/routing_error.erb within rescues/layout (0.5ms)


Started GET "/" for 127.0.0.1 at Fri Apr 20 09:57:26 +0530 2012
  Processing by HomesController#index as HTML
Rendered homes/index.html.erb within layouts/application (4.5ms)
Completed 200 OK in 6ms (Views: 5.4ms | ActiveRecord: 0.0ms)


Started GET "/javascripts/jquery-latest.js?1324722354" for 127.0.0.1 at Fri Apr 20 09:57:26 +0530 2012

ActionController::RoutingError (No route matches "/javascripts/jquery-latest.js"):
  

Rendered /home/nethaji/Projects/gemsource/ruby/1.8/gems/actionpack-3.0.1/lib/action_dispatch/middleware/templates/rescues/routing_error.erb within rescues/layout (0.7ms)


Started GET "/javascripts/prototype.js?1333461969" for 127.0.0.1 at Fri Apr 20 09:57:26 +0530 2012

ActionController::RoutingError (No route matches "/javascripts/prototype.js"):
  

Rendered /home/nethaji/Projects/gemsource/ruby/1.8/gems/actionpack-3.0.1/lib/action_dispatch/middleware/templates/rescues/routing_error.erb within rescues/layout (0.6ms)


Started GET "/javascripts/dragdrop.js?1333461969" for 127.0.0.1 at Fri Apr 20 09:57:26 +0530 2012

ActionController::RoutingError (No route matches "/javascripts/dragdrop.js"):
  

Rendered /home/nethaji/Projects/gemsource/ruby/1.8/gems/actionpack-3.0.1/lib/action_dispatch/middleware/templates/rescues/routing_error.erb within rescues/layout (0.6ms)


Started GET "/javascripts/effects.js?1333461969" for 127.0.0.1 at Fri Apr 20 09:57:26 +0530 2012

ActionController::RoutingError (No route matches "/javascripts/effects.js"):
  

Rendered /home/nethaji/Projects/gemsource/ruby/1.8/gems/actionpack-3.0.1/lib/action_dispatch/middleware/templates/rescues/routing_error.erb within rescues/layout (0.5ms)


Started GET "/javascripts/controls.js?1333461969" for 127.0.0.1 at Fri Apr 20 09:57:26 +0530 2012

ActionController::RoutingError (No route matches "/javascripts/controls.js"):
  

Rendered /home/nethaji/Projects/gemsource/ruby/1.8/gems/actionpack-3.0.1/lib/action_dispatch/middleware/templates/rescues/routing_error.erb within rescues/layout (0.8ms)


Started GET "/javascripts/rails.js?1333461969" for 127.0.0.1 at Fri Apr 20 09:57:26 +0530 2012

ActionController::RoutingError (No route matches "/javascripts/rails.js"):
  

Rendered /home/nethaji/Projects/gemsource/ruby/1.8/gems/actionpack-3.0.1/lib/action_dispatch/middleware/templates/rescues/routing_error.erb within rescues/layout (0.5ms)


Started GET "/javascripts/application.js?1334727843" for 127.0.0.1 at Fri Apr 20 09:57:26 +0530 2012

ActionController::RoutingError (No route matches "/javascripts/application.js"):
  

Rendered /home/nethaji/Projects/gemsource/ruby/1.8/gems/actionpack-3.0.1/lib/action_dispatch/middleware/templates/rescues/routing_error.erb within rescues/layout (0.7ms)


Started GET "/stylesheets/style.css?1334657312" for 127.0.0.1 at Fri Apr 20 09:57:26 +0530 2012

ActionController::RoutingError (No route matches "/stylesheets/style.css"):
  

Rendered /home/nethaji/Projects/gemsource/ruby/1.8/gems/actionpack-3.0.1/lib/action_dispatch/middleware/templates/rescues/routing_error.erb within rescues/layout (0.8ms)


Started GET "/stylesheets/menu.css?1334659953" for 127.0.0.1 at Fri Apr 20 09:57:26 +0530 2012

ActionController::RoutingError (No route matches "/stylesheets/menu.css"):
  

Rendered /home/nethaji/Projects/gemsource/ruby/1.8/gems/actionpack-3.0.1/lib/action_dispatch/middleware/templates/rescues/routing_error.erb within rescues/layout (0.5ms)


Started GET "/netzke/ext.css?1334896014" for 127.0.0.1 at Fri Apr 20 09:57:26 +0530 2012
  Processing by NetzkeController#ext as CSS
  Parameters: {"1334896014"=>nil}
Completed 401 Unauthorized in 0ms


Started GET "/stylesheets/application.css?1334842229" for 127.0.0.1 at Fri Apr 20 09:57:26 +0530 2012

ActionController::RoutingError (No route matches "/stylesheets/application.css"):
  

Rendered /home/nethaji/Projects/gemsource/ruby/1.8/gems/actionpack-3.0.1/lib/action_dispatch/middleware/templates/rescues/routing_error.erb within rescues/layout (0.6ms)


Started GET "/stylesheets/forum.css?1333461969" for 127.0.0.1 at Fri Apr 20 09:57:26 +0530 2012

ActionController::RoutingError (No route matches "/stylesheets/forum.css"):
  

Rendered /home/nethaji/Projects/gemsource/ruby/1.8/gems/actionpack-3.0.1/lib/action_dispatch/middleware/templates/rescues/routing_error.erb within rescues/layout (0.5ms)


Started GET "/netzke/ext.js?1334896014" for 127.0.0.1 at Fri Apr 20 09:57:26 +0530 2012
  Processing by NetzkeController#ext as JS
  Parameters: {"1334896014"=>nil}
Completed 401 Unauthorized in 0ms


Started GET "/stylesheets/company.css?1333461969" for 127.0.0.1 at Fri Apr 20 09:57:26 +0530 2012

ActionController::RoutingError (No route matches "/stylesheets/company.css"):
  

Rendered /home/nethaji/Projects/gemsource/ruby/1.8/gems/actionpack-3.0.1/lib/action_dispatch/middleware/templates/rescues/routing_error.erb within rescues/layout (0.5ms)


Started GET "/extjs/adapter/ext/ext-base.js?1333461968" for 127.0.0.1 at Fri Apr 20 09:57:26 +0530 2012

ActionController::RoutingError (No route matches "/extjs/adapter/ext/ext-base.js"):
  

Rendered /home/nethaji/Projects/gemsource/ruby/1.8/gems/actionpack-3.0.1/lib/action_dispatch/middleware/templates/rescues/routing_error.erb within rescues/layout (0.5ms)


Started GET "/extjs/examples/ux/gridfilters/css/GridFilters.css?1333461968" for 127.0.0.1 at Fri Apr 20 09:57:26 +0530 2012

ActionController::RoutingError (No route matches "/extjs/examples/ux/gridfilters/css/GridFilters.css"):
  

Rendered /home/nethaji/Projects/gemsource/ruby/1.8/gems/actionpack-3.0.1/lib/action_dispatch/middleware/templates/rescues/routing_error.erb within rescues/layout (0.6ms)


Started GET "/extjs/examples/ux/gridfilters/css/RangeMenu.css?1333461968" for 127.0.0.1 at Fri Apr 20 09:57:26 +0530 2012

ActionController::RoutingError (No route matches "/extjs/examples/ux/gridfilters/css/RangeMenu.css"):
  

Rendered /home/nethaji/Projects/gemsource/ruby/1.8/gems/actionpack-3.0.1/lib/action_dispatch/middleware/templates/rescues/routing_error.erb within rescues/layout (0.6ms)


Started GET "/extjs/resources/css/ext-all.css?1333461968" for 127.0.0.1 at Fri Apr 20 09:57:26 +0530 2012

ActionController::RoutingError (No route matches "/extjs/resources/css/ext-all.css"):
  

Rendered /home/nethaji/Projects/gemsource/ruby/1.8/gems/actionpack-3.0.1/lib/action_dispatch/middleware/templates/rescues/routing_error.erb within rescues/layout (0.6ms)


Started GET "/extjs/ext-all.js?1333461968" for 127.0.0.1 at Fri Apr 20 09:57:26 +0530 2012

ActionController::RoutingError (No route matches "/extjs/ext-all.js"):
  

Rendered /home/nethaji/Projects/gemsource/ruby/1.8/gems/actionpack-3.0.1/lib/action_dispatch/middleware/templates/rescues/routing_error.erb within rescues/layout (0.6ms)


Started GET "/" for 127.0.0.1 at Fri Apr 20 10:00:40 +0530 2012
  Processing by HomesController#index as HTML
Rendered homes/index.html.erb within layouts/application (4.1ms)
Completed 200 OK in 9ms (Views: 7.7ms | ActiveRecord: 0.0ms)


Started GET "/users/sign_up" for 127.0.0.1 at Fri Apr 20 10:00:44 +0530 2012
  Processing by Devise::RegistrationsController#new as HTML
Rendered devise/shared/_links.erb (1.3ms)
Rendered devise/registrations/new.html.erb within layouts/application (37.8ms)
Completed 200 OK in 45ms (Views: 41.7ms | ActiveRecord: 0.2ms)


Started POST "/users" for 127.0.0.1 at Fri Apr 20 10:01:16 +0530 2012
  Processing by Devise::RegistrationsController#create as HTML
  Parameters: {"commit"=>"Register Now", "authenticity_token"=>"vlhniDxzedm6UrMGrNa83F7/RCWo1hF8jnnLXaAiGpM=", "utf8"=>"✓", "user"=>{"password_confirmation"=>"[FILTERED]", "username"=>"testnethaji", "role_id"=>"1", "lastname"=>"test", "firstname"=>"nethaji", "password"=>"[FILTERED]", "email"=>"chandiran@gmail.com", "state"=>"American Samoa"}}
Rendered devise/mailer/confirmation_instructions.html.erb (1.8ms)
Completed   in 177ms

ActionView::Template::Error (Missing host to link to! Please provide :host parameter or set default_url_options[:host]):
    2: 
    3: <p>You can confirm your account through the link below:</p>
    4: 
    5: <p><%= link_to 'Confirm my account', confirmation_url(@resource, :confirmation_token => @resource.confirmation_token) %></p>
  app/views/devise/mailer/confirmation_instructions.html.erb:5:in `_app_views_devise_mailer_confirmation_instructions_html_erb___673773427__616699198_0'

Rendered /home/nethaji/Projects/gemsource/ruby/1.8/gems/actionpack-3.0.1/lib/action_dispatch/middleware/templates/rescues/_trace.erb (0.8ms)
Rendered /home/nethaji/Projects/gemsource/ruby/1.8/gems/actionpack-3.0.1/lib/action_dispatch/middleware/templates/rescues/_request_and_response.erb (6.6ms)
Rendered /home/nethaji/Projects/gemsource/ruby/1.8/gems/actionpack-3.0.1/lib/action_dispatch/middleware/templates/rescues/template_error.erb within rescues/layout (9.9ms)


Started POST "/users" for 127.0.0.1 at Fri Apr 20 10:03:52 +0530 2012
  Processing by Devise::RegistrationsController#create as HTML
  Parameters: {"commit"=>"Register Now", "authenticity_token"=>"vlhniDxzedm6UrMGrNa83F7/RCWo1hF8jnnLXaAiGpM=", "utf8"=>"✓", "user"=>{"password_confirmation"=>"[FILTERED]", "username"=>"testnethaji", "role_id"=>"1", "lastname"=>"test", "firstname"=>"nethaji", "password"=>"[FILTERED]", "email"=>"chandiran@gmail.com", "state"=>"American Samoa"}}
Rendered devise/mailer/confirmation_instructions.html.erb (0.3ms)
Completed   in 134ms

ActionView::Template::Error (Missing host to link to! Please provide :host parameter or set default_url_options[:host]):
    2: 
    3: <p>You can confirm your account through the link below:</p>
    4: 
    5: <p><%= link_to 'Confirm my account', confirmation_url(@resource, :confirmation_token => @resource.confirmation_token) %></p>
  app/views/devise/mailer/confirmation_instructions.html.erb:5:in `_app_views_devise_mailer_confirmation_instructions_html_erb___673773427__616699198_0'

Rendered /home/nethaji/Projects/gemsource/ruby/1.8/gems/actionpack-3.0.1/lib/action_dispatch/middleware/templates/rescues/_trace.erb (0.8ms)
Rendered /home/nethaji/Projects/gemsource/ruby/1.8/gems/actionpack-3.0.1/lib/action_dispatch/middleware/templates/rescues/_request_and_response.erb (8.0ms)
Rendered /home/nethaji/Projects/gemsource/ruby/1.8/gems/actionpack-3.0.1/lib/action_dispatch/middleware/templates/rescues/template_error.erb within rescues/layout (11.2ms)


Started GET "/users/sign_up" for 127.0.0.1 at Fri Apr 20 10:04:13 +0530 2012
  Processing by Devise::RegistrationsController#new as HTML
Rendered devise/shared/_links.erb (2.2ms)
Rendered devise/registrations/new.html.erb within layouts/application (40.7ms)
Completed 200 OK in 47ms (Views: 43.8ms | ActiveRecord: 0.3ms)


Started GET "/users/sign_up" for 127.0.0.1 at Fri Apr 20 10:04:14 +0530 2012
  Processing by Devise::RegistrationsController#new as HTML
Rendered devise/shared/_links.erb (0.5ms)
Rendered devise/registrations/new.html.erb within layouts/application (15.5ms)
Completed 200 OK in 17ms (Views: 15.6ms | ActiveRecord: 0.4ms)


Started POST "/users" for 127.0.0.1 at Fri Apr 20 10:06:17 +0530 2012
  Processing by Devise::RegistrationsController#create as HTML
  Parameters: {"commit"=>"Register Now", "authenticity_token"=>"vlhniDxzedm6UrMGrNa83F7/RCWo1hF8jnnLXaAiGpM=", "utf8"=>"✓", "user"=>{"password_confirmation"=>"[FILTERED]", "username"=>"test nethaji", "role_id"=>"1", "lastname"=>"test", "firstname"=>"nethaji", "password"=>"[FILTERED]", "email"=>"chandiran@gmail.com", "state"=>"Arizona"}}
Rendered devise/mailer/confirmation_instructions.html.erb (11.5ms)

Sent mail to chandiran@gmail.com (17390ms)
Redirected to http://localhost:3000/
Completed 302 Found in 17630ms


Started GET "/" for 127.0.0.1 at Fri Apr 20 10:06:35 +0530 2012
  Processing by HomesController#index as HTML
Rendered homes/index.html.erb within layouts/application (4.6ms)
Completed 200 OK in 8ms (Views: 7.9ms | ActiveRecord: 0.0ms)


Started GET "/" for 127.0.0.1 at Fri Apr 20 10:07:07 +0530 2012
  Processing by HomesController#index as HTML
Rendered homes/index.html.erb within layouts/application (3.0ms)
Completed 200 OK in 4ms (Views: 3.4ms | ActiveRecord: 0.0ms)


Started GET "/users/sign_in" for 127.0.0.1 at Fri Apr 20 10:07:10 +0530 2012
  Processing by Devise::SessionsController#new as HTML
Rendered devise/shared/_links.erb (1.2ms)
Rendered devise/sessions/new.html.erb within layouts/application (8.9ms)
Completed 200 OK in 15ms (Views: 13.0ms | ActiveRecord: 0.0ms)


Started POST "/users/sign_in" for 127.0.0.1 at Fri Apr 20 10:07:13 +0530 2012
  Processing by Devise::SessionsController#create as HTML
  Parameters: {"commit"=>"Login Now", "authenticity_token"=>"vlhniDxzedm6UrMGrNa83F7/RCWo1hF8jnnLXaAiGpM=", "utf8"=>"✓", "user"=>{"remember_me"=>"0", "password"=>"[FILTERED]", "email"=>"chandirabose@gmail.com"}}
Completed 401 Unauthorized in 87ms


Started GET "/users/sign_in" for 127.0.0.1 at Fri Apr 20 10:07:13 +0530 2012
  Processing by Devise::SessionsController#new as HTML
Rendered devise/shared/_links.erb (0.7ms)
Rendered devise/sessions/new.html.erb within layouts/application (7.6ms)
Completed 200 OK in 9ms (Views: 8.0ms | ActiveRecord: 0.8ms)


Started GET "/users/sign_in" for 127.0.0.1 at Fri Apr 20 10:11:29 +0530 2012
  Processing by Devise::SessionsController#new as HTML
Rendered devise/shared/_links.erb (0.6ms)
Rendered devise/sessions/new.html.erb within layouts/application (9.8ms)
Completed 200 OK in 12ms (Views: 10.7ms | ActiveRecord: 0.0ms)


Started GET "/netzke/ext.css" for 127.0.0.1 at Fri Apr 20 10:11:29 +0530 2012
  Processing by NetzkeController#ext as CSS
Completed 401 Unauthorized in 0ms


Started GET "/netzke/ext.js" for 127.0.0.1 at Fri Apr 20 10:11:29 +0530 2012
  Processing by NetzkeController#ext as JS
Completed 401 Unauthorized in 0ms


Started POST "/users/sign_in" for 127.0.0.1 at Fri Apr 20 10:11:31 +0530 2012
  Processing by Devise::SessionsController#create as HTML
  Parameters: {"commit"=>"Login Now", "authenticity_token"=>"vlhniDxzedm6UrMGrNa83F7/RCWo1hF8jnnLXaAiGpM=", "utf8"=>"✓", "user"=>{"remember_me"=>"0", "password"=>"[FILTERED]", "email"=>"chandirabose@gmail.com"}}
Redirected to http://localhost:3000/users
Completed 302 Found in 155ms


Started GET "/users" for 127.0.0.1 at Fri Apr 20 10:11:31 +0530 2012
  Processing by UsersController#index as HTML
Rendered users/index.html.erb within layouts/admin (1.7ms)
Completed   in 8ms

ActionView::Template::Error (undefined method `strftime' for nil:NilClass):
    21:     <td><%=user.username%></td>
    22:     <td><%=user.state%></td>
    23:     <td><%=user.email%></td>
    24:     <td><%=user.last_sign_in_at.strftime("%m-%d-%y")%></td>
    25:     <td><%=user.last_sign_in_ip%></td>
    26:     <td><%=user.confirmation_sent_at.strftime("%m-%d-%y at %H-%M")%></td>
    27:     <td><%= link_to 'Edit', edit_user_registration_path(user) %></td>
  app/views/users/index.html.erb:24:in `_app_views_users_index_html_erb___283233607__616124328_0'
  app/views/users/index.html.erb:17:in `each'
  app/views/users/index.html.erb:17:in `_app_views_users_index_html_erb___283233607__616124328_0'
  app/controllers/users_controller.rb:8:in `index'

Rendered /home/nethaji/Projects/gemsource/ruby/1.8/gems/actionpack-3.0.1/lib/action_dispatch/middleware/templates/rescues/_trace.erb (0.8ms)
Rendered /home/nethaji/Projects/gemsource/ruby/1.8/gems/actionpack-3.0.1/lib/action_dispatch/middleware/templates/rescues/_request_and_response.erb (8.6ms)
Rendered /home/nethaji/Projects/gemsource/ruby/1.8/gems/actionpack-3.0.1/lib/action_dispatch/middleware/templates/rescues/template_error.erb within rescues/layout (12.1ms)


Started GET "/users/sign_in" for 127.0.0.1 at Fri Apr 20 10:11:48 +0530 2012
  Processing by Devise::SessionsController#new as HTML
Redirected to http://localhost:3000/
Completed 302 Found in 63ms


Started GET "/" for 127.0.0.1 at Fri Apr 20 10:11:48 +0530 2012
  Processing by HomesController#index as HTML
Redirected to http://localhost:3000/tcoms/new
Completed 302 Found in 7ms


Started GET "/tcoms/new" for 127.0.0.1 at Fri Apr 20 10:11:48 +0530 2012
  Processing by TcomsController#new as HTML
Rendered tcoms/_company_naic_fields.html.erb (0.5ms)
Rendered tcoms/_company_naic_fields.html.erb (0.3ms)
Rendered tcoms/_company_classification_fields.html.erb (0.5ms)
Rendered tcoms/_company_classification_fields.html.erb (0.3ms)
Rendered tcoms/_form.html.erb (43.0ms)
Rendered tcoms/new.html.erb within layouts/tcoms (48.9ms)
Completed 200 OK in 76ms (Views: 50.4ms | ActiveRecord: 1.0ms)


Started GET "/tcoms/new" for 127.0.0.1 at Fri Apr 20 10:11:49 +0530 2012
  Processing by TcomsController#new as HTML
Rendered tcoms/_company_naic_fields.html.erb (0.3ms)
Rendered tcoms/_company_naic_fields.html.erb (0.3ms)
Rendered tcoms/_company_classification_fields.html.erb (0.3ms)
Rendered tcoms/_company_classification_fields.html.erb (0.3ms)
Rendered tcoms/_form.html.erb (36.6ms)
Rendered tcoms/new.html.erb within layouts/tcoms (40.4ms)
Completed 200 OK in 45ms (Views: 40.5ms | ActiveRecord: 0.5ms)


Started GET "/users/sign_out" for 127.0.0.1 at Fri Apr 20 10:11:55 +0530 2012
  Processing by Devise::SessionsController#destroy as HTML
Redirected to http://localhost:3000/
Completed 302 Found in 5ms


Started GET "/" for 127.0.0.1 at Fri Apr 20 10:11:55 +0530 2012
  Processing by HomesController#index as HTML
Rendered homes/index.html.erb within layouts/application (3.9ms)
Completed 200 OK in 5ms (Views: 4.5ms | ActiveRecord: 0.2ms)


Started GET "/netzke/ext.css" for 127.0.0.1 at Fri Apr 20 10:11:55 +0530 2012
  Processing by NetzkeController#ext as CSS
Completed 401 Unauthorized in 1ms


Started GET "/netzke/ext.js" for 127.0.0.1 at Fri Apr 20 10:11:55 +0530 2012
  Processing by NetzkeController#ext as JS
Completed 401 Unauthorized in 0ms


Started GET "/" for 127.0.0.1 at Fri Apr 20 10:11:57 +0530 2012
  Processing by HomesController#index as HTML
Rendered homes/index.html.erb within layouts/application (3.1ms)
Completed 200 OK in 4ms (Views: 3.5ms | ActiveRecord: 0.0ms)


Started GET "/netzke/ext.css" for 127.0.0.1 at Fri Apr 20 10:11:57 +0530 2012
  Processing by NetzkeController#ext as CSS
Completed 401 Unauthorized in 1ms


Started GET "/netzke/ext.js" for 127.0.0.1 at Fri Apr 20 10:11:57 +0530 2012
  Processing by NetzkeController#ext as JS
Completed 401 Unauthorized in 0ms


Started GET "/homes" for 127.0.0.1 at Fri Apr 20 10:11:59 +0530 2012
  Processing by HomesController#index as HTML
Rendered homes/index.html.erb within layouts/application (3.9ms)
Completed 200 OK in 6ms (Views: 4.8ms | ActiveRecord: 0.0ms)


Started GET "/netzke/ext.css" for 127.0.0.1 at Fri Apr 20 10:11:59 +0530 2012
  Processing by NetzkeController#ext as CSS
Completed 401 Unauthorized in 0ms


Started GET "/netzke/ext.js" for 127.0.0.1 at Fri Apr 20 10:11:59 +0530 2012
  Processing by NetzkeController#ext as JS
Completed 401 Unauthorized in 0ms


Started GET "/users/sign_in" for 127.0.0.1 at Fri Apr 20 10:12:02 +0530 2012
  Processing by Devise::SessionsController#new as HTML
Rendered devise/shared/_links.erb (0.9ms)
Rendered devise/sessions/new.html.erb within layouts/application (61.0ms)
Completed 200 OK in 63ms (Views: 61.8ms | ActiveRecord: 0.0ms)


Started GET "/netzke/ext.css" for 127.0.0.1 at Fri Apr 20 10:12:02 +0530 2012
  Processing by NetzkeController#ext as CSS
Completed 401 Unauthorized in 0ms


Started GET "/netzke/ext.js" for 127.0.0.1 at Fri Apr 20 10:12:02 +0530 2012
  Processing by NetzkeController#ext as JS
Completed 401 Unauthorized in 0ms


Started POST "/users/sign_in" for 127.0.0.1 at Fri Apr 20 10:12:03 +0530 2012
  Processing by Devise::SessionsController#create as HTML
  Parameters: {"commit"=>"Login Now", "authenticity_token"=>"66Op8yGFx4+hTTG3na82WY+Y8qqeCRnIw9Ejf57nIeE=", "utf8"=>"✓", "user"=>{"remember_me"=>"0", "password"=>"[FILTERED]", "email"=>"chandirabose@gmail.com"}}
Redirected to http://localhost:3000/
Completed 302 Found in 178ms


Started GET "/" for 127.0.0.1 at Fri Apr 20 10:12:03 +0530 2012
  Processing by HomesController#index as HTML
Redirected to http://localhost:3000/tcoms/new
Completed 302 Found in 7ms


Started GET "/tcoms/new" for 127.0.0.1 at Fri Apr 20 10:12:03 +0530 2012
  Processing by TcomsController#new as HTML
Rendered tcoms/_company_naic_fields.html.erb (0.3ms)
Rendered tcoms/_company_naic_fields.html.erb (0.3ms)
Rendered tcoms/_company_classification_fields.html.erb (0.3ms)
Rendered tcoms/_company_classification_fields.html.erb (0.3ms)
Rendered tcoms/_form.html.erb (36.8ms)
Rendered tcoms/new.html.erb within layouts/tcoms (40.3ms)
Completed 200 OK in 44ms (Views: 40.5ms | ActiveRecord: 0.4ms)


Started GET "/users/sign_out" for 127.0.0.1 at Fri Apr 20 10:12:09 +0530 2012
  Processing by Devise::SessionsController#destroy as HTML
Redirected to http://localhost:3000/
Completed 302 Found in 6ms


Started GET "/" for 127.0.0.1 at Fri Apr 20 10:12:09 +0530 2012
  Processing by HomesController#index as HTML
Rendered homes/index.html.erb within layouts/application (5.2ms)
Completed 200 OK in 6ms (Views: 5.8ms | ActiveRecord: 0.2ms)


Started GET "/netzke/ext.css" for 127.0.0.1 at Fri Apr 20 10:12:09 +0530 2012
  Processing by NetzkeController#ext as CSS
Completed 401 Unauthorized in 1ms


Started GET "/netzke/ext.js" for 127.0.0.1 at Fri Apr 20 10:12:09 +0530 2012
  Processing by NetzkeController#ext as JS
Completed 401 Unauthorized in 1ms


Started GET "/users/sign_in" for 127.0.0.1 at Fri Apr 20 10:12:11 +0530 2012
  Processing by Devise::SessionsController#new as HTML
Rendered devise/shared/_links.erb (0.7ms)
Rendered devise/sessions/new.html.erb within layouts/application (7.8ms)
Completed 200 OK in 9ms (Views: 8.3ms | ActiveRecord: 0.4ms)


Started GET "/netzke/ext.css" for 127.0.0.1 at Fri Apr 20 10:12:11 +0530 2012
  Processing by NetzkeController#ext as CSS
Completed 401 Unauthorized in 0ms


Started GET "/netzke/ext.js" for 127.0.0.1 at Fri Apr 20 10:12:11 +0530 2012
  Processing by NetzkeController#ext as JS
Completed 401 Unauthorized in 0ms


Started POST "/users/sign_in" for 127.0.0.1 at Fri Apr 20 10:12:21 +0530 2012
  Processing by Devise::SessionsController#create as HTML
  Parameters: {"commit"=>"Login Now", "authenticity_token"=>"y11WrrzsPnNPswWhK1lXwmA0OS9rqi5GxizhmZcEPPA=", "utf8"=>"✓", "user"=>{"remember_me"=>"0", "password"=>"[FILTERED]", "email"=>"chandiranbose@gmail.com"}}
Redirected to http://localhost:3000/
Completed 302 Found in 136ms


Started GET "/" for 127.0.0.1 at Fri Apr 20 10:12:21 +0530 2012
  Processing by HomesController#index as HTML
Rendered homes/index.html.erb within layouts/application (5.3ms)
Completed 200 OK in 89ms (Views: 5.7ms | ActiveRecord: 0.8ms)


Started GET "/netzke/ext.css" for 127.0.0.1 at Fri Apr 20 10:12:21 +0530 2012
  Processing by NetzkeController#ext as CSS
Rendered text template (0.0ms)
Completed 200 OK in 9ms (Views: 1.1ms | ActiveRecord: 0.1ms)


Started GET "/netzke/ext.js" for 127.0.0.1 at Fri Apr 20 10:12:21 +0530 2012
  Processing by NetzkeController#ext as JS
Rendered text template (0.0ms)
Completed 200 OK in 7ms (Views: 1.0ms | ActiveRecord: 0.1ms)


Started GET "/users/edit" for 127.0.0.1 at Fri Apr 20 10:12:27 +0530 2012
  Processing by Devise::RegistrationsController#edit as HTML
Rendered devise/registrations/edit.html.erb within layouts/application (16.2ms)
Completed 200 OK in 22ms (Views: 17.7ms | ActiveRecord: 0.3ms)


Started GET "/netzke/ext.css" for 127.0.0.1 at Fri Apr 20 10:12:27 +0530 2012
  Processing by NetzkeController#ext as CSS
Rendered text template (0.0ms)
Completed 200 OK in 6ms (Views: 0.4ms | ActiveRecord: 0.2ms)


Started GET "/netzke/ext.js" for 127.0.0.1 at Fri Apr 20 10:12:27 +0530 2012
  Processing by NetzkeController#ext as JS
Rendered text template (0.1ms)
Completed 200 OK in 8ms (Views: 1.4ms | ActiveRecord: 0.1ms)


Started POST "/users" for 127.0.0.1 at Fri Apr 20 10:12:39 +0530 2012
  Processing by Devise::RegistrationsController#update as HTML
  Parameters: {"commit"=>"Update", "authenticity_token"=>"y11WrrzsPnNPswWhK1lXwmA0OS9rqi5GxizhmZcEPPA=", "utf8"=>"✓", "user"=>{"current_password"=>"[FILTERED]", "password_confirmation"=>"[FILTERED]", "username"=>"chandiran", "lastname"=>"chandiran", "firstname"=>"nethaji", "password"=>"[FILTERED]", "email"=>"chandiranbose@gmail.com", "state"=>"Alabama"}}
Redirected to http://localhost:3000/
Completed 302 Found in 222ms


Started GET "/" for 127.0.0.1 at Fri Apr 20 10:12:40 +0530 2012
  Processing by HomesController#index as HTML
Rendered homes/index.html.erb within layouts/application (6.6ms)
Completed 200 OK in 15ms (Views: 7.9ms | ActiveRecord: 0.4ms)


Started GET "/netzke/ext.css" for 127.0.0.1 at Fri Apr 20 10:12:40 +0530 2012
  Processing by NetzkeController#ext as CSS
Rendered text template (0.0ms)
Completed 200 OK in 6ms (Views: 0.5ms | ActiveRecord: 0.1ms)


Started GET "/netzke/ext.js" for 127.0.0.1 at Fri Apr 20 10:12:40 +0530 2012
  Processing by NetzkeController#ext as JS
Rendered text template (0.0ms)
Completed 200 OK in 11ms (Views: 0.5ms | ActiveRecord: 0.2ms)


Started GET "/users/sign_out" for 127.0.0.1 at Fri Apr 20 10:13:56 +0530 2012
  Processing by Devise::SessionsController#destroy as HTML
Redirected to http://localhost:3000/
Completed 302 Found in 9ms


Started GET "/" for 127.0.0.1 at Fri Apr 20 10:13:56 +0530 2012
  Processing by HomesController#index as HTML
Rendered homes/index.html.erb within layouts/application (3.1ms)
Completed 200 OK in 4ms (Views: 3.5ms | ActiveRecord: 0.3ms)


Started GET "/netzke/ext.css" for 127.0.0.1 at Fri Apr 20 10:13:56 +0530 2012
  Processing by NetzkeController#ext as CSS
Completed 401 Unauthorized in 0ms


Started GET "/netzke/ext.js" for 127.0.0.1 at Fri Apr 20 10:13:56 +0530 2012
  Processing by NetzkeController#ext as JS
Completed 401 Unauthorized in 0ms


Started GET "/users/sign_in" for 127.0.0.1 at Fri Apr 20 10:13:58 +0530 2012
  Processing by Devise::SessionsController#new as HTML
Rendered devise/shared/_links.erb (1.1ms)
Rendered devise/sessions/new.html.erb within layouts/application (10.9ms)
Completed 200 OK in 13ms (Views: 11.7ms | ActiveRecord: 0.0ms)


Started GET "/netzke/ext.css" for 127.0.0.1 at Fri Apr 20 10:13:58 +0530 2012
  Processing by NetzkeController#ext as CSS
Completed 401 Unauthorized in 1ms


Started GET "/netzke/ext.js" for 127.0.0.1 at Fri Apr 20 10:13:58 +0530 2012
  Processing by NetzkeController#ext as JS
Completed 401 Unauthorized in 0ms


Started POST "/users/sign_in" for 127.0.0.1 at Fri Apr 20 10:14:07 +0530 2012
  Processing by Devise::SessionsController#create as HTML
  Parameters: {"commit"=>"Login Now", "authenticity_token"=>"/rAqIbyEDgz4eKwapXrkydBJy3zJH1qTd7ASoHL3FNM=", "utf8"=>"✓", "user"=>{"remember_me"=>"0", "password"=>"[FILTERED]", "email"=>"test@gmail.com"}}
Redirected to http://localhost:3000/
Completed 302 Found in 148ms


Started GET "/" for 127.0.0.1 at Fri Apr 20 10:14:08 +0530 2012
  Processing by HomesController#index as HTML
Redirected to http://localhost:3000/admin/index
Completed 302 Found in 9ms


Started GET "/admin/index" for 127.0.0.1 at Fri Apr 20 10:14:08 +0530 2012
  Processing by AdminController#index as HTML
Rendered admin/index.html.erb within layouts/admin (8.8ms)
Completed 200 OK in 16ms (Views: 10.8ms | ActiveRecord: 0.1ms)


Started GET "/contacts" for 127.0.0.1 at Fri Apr 20 10:14:15 +0530 2012
  Processing by ContactsController#index as HTML
Rendered contacts/index.html.erb within layouts/admin (3.3ms)
Completed 200 OK in 8ms (Views: 4.4ms | ActiveRecord: 0.8ms)


Started GET "/users" for 127.0.0.1 at Fri Apr 20 10:14:19 +0530 2012
  Processing by UsersController#index as HTML
Rendered users/index.html.erb within layouts/admin (4.5ms)
Completed   in 10ms

ActionView::Template::Error (undefined method `strftime' for nil:NilClass):
    21:     <td><%=user.username%></td>
    22:     <td><%=user.state%></td>
    23:     <td><%=user.email%></td>
    24:     <td><%=user.last_sign_in_at.strftime("%m-%d-%y")%></td>
    25:     <td><%=user.last_sign_in_ip%></td>
    26:     <td><%=user.confirmation_sent_at.strftime("%m-%d-%y at %H-%M")%></td>
    27:     <td><%= link_to 'Edit', edit_user_registration_path(user) %></td>
  app/views/users/index.html.erb:24:in `_app_views_users_index_html_erb___283233607__616124328_0'
  app/views/users/index.html.erb:17:in `each'
  app/views/users/index.html.erb:17:in `_app_views_users_index_html_erb___283233607__616124328_0'
  app/controllers/users_controller.rb:8:in `index'

Rendered /home/nethaji/Projects/gemsource/ruby/1.8/gems/actionpack-3.0.1/lib/action_dispatch/middleware/templates/rescues/_trace.erb (0.7ms)
Rendered /home/nethaji/Projects/gemsource/ruby/1.8/gems/actionpack-3.0.1/lib/action_dispatch/middleware/templates/rescues/_request_and_response.erb (7.9ms)
Rendered /home/nethaji/Projects/gemsource/ruby/1.8/gems/actionpack-3.0.1/lib/action_dispatch/middleware/templates/rescues/template_error.erb within rescues/layout (11.3ms)


Started GET "/users" for 127.0.0.1 at Fri Apr 20 10:16:22 +0530 2012
  Processing by UsersController#index as HTML
Rendered users/index.html.erb within layouts/admin (4.3ms)
Completed   in 11ms

ActionView::Template::Error (undefined method `strftime' for nil:NilClass):
    21:     <td><%=user.username%></td>
    22:     <td><%=user.state%></td>
    23:     <td><%=user.email%></td>
    24:     <td><%=user.last_sign_in_at.strftime("%m-%d-%y")%></td>
    25:     <td><%=user.last_sign_in_ip%></td>
    26:     <td><%=user.confirmation_sent_at.strftime("%m-%d-%y at %H-%M")%></td>
    27:     <td><%= link_to 'Edit', edit_user_registration_path(user) %></td>
  app/views/users/index.html.erb:24:in `_app_views_users_index_html_erb___283233607__616124328_0'
  app/views/users/index.html.erb:17:in `each'
  app/views/users/index.html.erb:17:in `_app_views_users_index_html_erb___283233607__616124328_0'
  app/controllers/users_controller.rb:8:in `index'

Rendered /home/nethaji/Projects/gemsource/ruby/1.8/gems/actionpack-3.0.1/lib/action_dispatch/middleware/templates/rescues/_trace.erb (0.8ms)
Rendered /home/nethaji/Projects/gemsource/ruby/1.8/gems/actionpack-3.0.1/lib/action_dispatch/middleware/templates/rescues/_request_and_response.erb (6.7ms)
Rendered /home/nethaji/Projects/gemsource/ruby/1.8/gems/actionpack-3.0.1/lib/action_dispatch/middleware/templates/rescues/template_error.erb within rescues/layout (9.8ms)


Started GET "/users" for 127.0.0.1 at Fri Apr 20 10:17:50 +0530 2012
  Processing by UsersController#index as HTML
Rendered users/index.html.erb within layouts/admin (4.3ms)
Completed   in 10ms

ActionView::Template::Error (undefined method `strftime' for nil:NilClass):
    21:     <td><%=user.username%></td>
    22:     <td><%=user.state%></td>
    23:     <td><%=user.email%></td>
    24:     <td><%=user.last_sign_in_at.strftime("%m-%d-%y")%></td>
    25:     <td><%=user.last_sign_in_ip%></td>
    26:     <td><%=user.confirmation_sent_at.strftime("%m-%d-%y at %H-%M")%></td>
    27:     <td><%= link_to 'Edit', edit_user_registration_path(user) %></td>
  app/views/users/index.html.erb:24:in `_app_views_users_index_html_erb___283233607__616124328_0'
  app/views/users/index.html.erb:17:in `each'
  app/views/users/index.html.erb:17:in `_app_views_users_index_html_erb___283233607__616124328_0'
  app/controllers/users_controller.rb:8:in `index'

Rendered /home/nethaji/Projects/gemsource/ruby/1.8/gems/actionpack-3.0.1/lib/action_dispatch/middleware/templates/rescues/_trace.erb (0.8ms)
Rendered /home/nethaji/Projects/gemsource/ruby/1.8/gems/actionpack-3.0.1/lib/action_dispatch/middleware/templates/rescues/_request_and_response.erb (9.2ms)
Rendered /home/nethaji/Projects/gemsource/ruby/1.8/gems/actionpack-3.0.1/lib/action_dispatch/middleware/templates/rescues/template_error.erb within rescues/layout (12.6ms)


Started GET "/users" for 127.0.0.1 at Fri Apr 20 10:17:51 +0530 2012
  Processing by UsersController#index as HTML
Rendered users/index.html.erb within layouts/admin (5.1ms)
Completed   in 12ms

ActionView::Template::Error (undefined method `strftime' for nil:NilClass):
    21:     <td><%=user.username%></td>
    22:     <td><%=user.state%></td>
    23:     <td><%=user.email%></td>
    24:     <td><%=user.last_sign_in_at.strftime("%m-%d-%y")%></td>
    25:     <td><%=user.last_sign_in_ip%></td>
    26:     <td><%=user.confirmation_sent_at.strftime("%m-%d-%y at %H-%M")%></td>
    27:     <td><%= link_to 'Edit', edit_user_registration_path(user) %></td>
  app/views/users/index.html.erb:24:in `_app_views_users_index_html_erb___283233607__616124328_0'
  app/views/users/index.html.erb:17:in `each'
  app/views/users/index.html.erb:17:in `_app_views_users_index_html_erb___283233607__616124328_0'
  app/controllers/users_controller.rb:8:in `index'

Rendered /home/nethaji/Projects/gemsource/ruby/1.8/gems/actionpack-3.0.1/lib/action_dispatch/middleware/templates/rescues/_trace.erb (0.8ms)
Rendered /home/nethaji/Projects/gemsource/ruby/1.8/gems/actionpack-3.0.1/lib/action_dispatch/middleware/templates/rescues/_request_and_response.erb (8.1ms)
Rendered /home/nethaji/Projects/gemsource/ruby/1.8/gems/actionpack-3.0.1/lib/action_dispatch/middleware/templates/rescues/template_error.erb within rescues/layout (11.7ms)


Started GET "/contacts" for 127.0.0.1 at Fri Apr 20 10:17:59 +0530 2012
  Processing by ContactsController#index as HTML
Rendered contacts/index.html.erb within layouts/admin (3.1ms)
Completed 200 OK in 8ms (Views: 3.5ms | ActiveRecord: 0.3ms)


Started GET "/users" for 127.0.0.1 at Fri Apr 20 10:18:01 +0530 2012
  Processing by UsersController#index as HTML
Rendered users/index.html.erb within layouts/admin (4.2ms)
Completed   in 11ms

ActionView::Template::Error (undefined method `strftime' for nil:NilClass):
    21:     <td><%=user.username%></td>
    22:     <td><%=user.state%></td>
    23:     <td><%=user.email%></td>
    24:     <td><%=user.last_sign_in_at.strftime("%m-%d-%y")%></td>
    25:     <td><%=user.last_sign_in_ip%></td>
    26:     <td><%=user.confirmation_sent_at.strftime("%m-%d-%y at %H-%M")%></td>
    27:     <td><%= link_to 'Edit', edit_user_registration_path(user) %></td>
  app/views/users/index.html.erb:24:in `_app_views_users_index_html_erb___283233607__616124328_0'
  app/views/users/index.html.erb:17:in `each'
  app/views/users/index.html.erb:17:in `_app_views_users_index_html_erb___283233607__616124328_0'
  app/controllers/users_controller.rb:8:in `index'

Rendered /home/nethaji/Projects/gemsource/ruby/1.8/gems/actionpack-3.0.1/lib/action_dispatch/middleware/templates/rescues/_trace.erb (0.8ms)
Rendered /home/nethaji/Projects/gemsource/ruby/1.8/gems/actionpack-3.0.1/lib/action_dispatch/middleware/templates/rescues/_request_and_response.erb (7.7ms)
Rendered /home/nethaji/Projects/gemsource/ruby/1.8/gems/actionpack-3.0.1/lib/action_dispatch/middleware/templates/rescues/template_error.erb within rescues/layout (11.0ms)


Started GET "/users" for 127.0.0.1 at Fri Apr 20 10:18:44 +0530 2012
  Processing by UsersController#index as HTML
Rendered users/index.html.erb within layouts/admin (2.6ms)
Completed   in 9ms

ActionView::Template::Error (undefined method `strftime' for nil:NilClass):
    21:     <td><%=user.username%></td>
    22:     <td><%=user.state%></td>
    23:     <td><%=user.email%></td>
    24:     <td><%=user.last_sign_in_at.strftime("%m-%d-%y")%></td>
    25:     <td><%=user.last_sign_in_ip%></td>
    26:     <td><%=user.confirmation_sent_at.strftime("%m-%d-%y at %H-%M")%></td>
    27:     <td><%= link_to 'Edit', edit_user_registration_path(user) %></td>
  app/views/users/index.html.erb:24:in `_app_views_users_index_html_erb___283233607__616124328_0'
  app/views/users/index.html.erb:17:in `each'
  app/views/users/index.html.erb:17:in `_app_views_users_index_html_erb___283233607__616124328_0'
  app/controllers/users_controller.rb:8:in `index'

Rendered /home/nethaji/Projects/gemsource/ruby/1.8/gems/actionpack-3.0.1/lib/action_dispatch/middleware/templates/rescues/_trace.erb (1.1ms)
Rendered /home/nethaji/Projects/gemsource/ruby/1.8/gems/actionpack-3.0.1/lib/action_dispatch/middleware/templates/rescues/_request_and_response.erb (8.4ms)
Rendered /home/nethaji/Projects/gemsource/ruby/1.8/gems/actionpack-3.0.1/lib/action_dispatch/middleware/templates/rescues/template_error.erb within rescues/layout (12.5ms)


Started GET "/users" for 127.0.0.1 at Fri Apr 20 10:18:45 +0530 2012
  Processing by UsersController#index as HTML
Rendered users/index.html.erb within layouts/admin (2.8ms)
Completed   in 10ms

ActionView::Template::Error (undefined method `strftime' for nil:NilClass):
    21:     <td><%=user.username%></td>
    22:     <td><%=user.state%></td>
    23:     <td><%=user.email%></td>
    24:     <td><%=user.last_sign_in_at.strftime("%m-%d-%y")%></td>
    25:     <td><%=user.last_sign_in_ip%></td>
    26:     <td><%=user.confirmation_sent_at.strftime("%m-%d-%y at %H-%M")%></td>
    27:     <td><%= link_to 'Edit', edit_user_registration_path(user) %></td>
  app/views/users/index.html.erb:24:in `_app_views_users_index_html_erb___283233607__616124328_0'
  app/views/users/index.html.erb:17:in `each'
  app/views/users/index.html.erb:17:in `_app_views_users_index_html_erb___283233607__616124328_0'
  app/controllers/users_controller.rb:8:in `index'

Rendered /home/nethaji/Projects/gemsource/ruby/1.8/gems/actionpack-3.0.1/lib/action_dispatch/middleware/templates/rescues/_trace.erb (0.7ms)
Rendered /home/nethaji/Projects/gemsource/ruby/1.8/gems/actionpack-3.0.1/lib/action_dispatch/middleware/templates/rescues/_request_and_response.erb (8.0ms)
Rendered /home/nethaji/Projects/gemsource/ruby/1.8/gems/actionpack-3.0.1/lib/action_dispatch/middleware/templates/rescues/template_error.erb within rescues/layout (11.0ms)


Started GET "/contacts" for 127.0.0.1 at Fri Apr 20 10:18:48 +0530 2012
  Processing by ContactsController#index as HTML
Rendered contacts/index.html.erb within layouts/admin (5.8ms)
Completed 200 OK in 10ms (Views: 6.2ms | ActiveRecord: 0.2ms)


Started GET "/users" for 127.0.0.1 at Fri Apr 20 10:18:49 +0530 2012
  Processing by UsersController#index as HTML
Rendered users/index.html.erb within layouts/admin (2.1ms)
Completed   in 7ms

ActionView::Template::Error (undefined method `strftime' for nil:NilClass):
    21:     <td><%=user.username%></td>
    22:     <td><%=user.state%></td>
    23:     <td><%=user.email%></td>
    24:     <td><%=user.last_sign_in_at.strftime("%m-%d-%y")%></td>
    25:     <td><%=user.last_sign_in_ip%></td>
    26:     <td><%=user.confirmation_sent_at.strftime("%m-%d-%y at %H-%M")%></td>
    27:     <td><%= link_to 'Edit', edit_user_registration_path(user) %></td>
  app/views/users/index.html.erb:24:in `_app_views_users_index_html_erb___283233607__616124328_0'
  app/views/users/index.html.erb:17:in `each'
  app/views/users/index.html.erb:17:in `_app_views_users_index_html_erb___283233607__616124328_0'
  app/controllers/users_controller.rb:8:in `index'

Rendered /home/nethaji/Projects/gemsource/ruby/1.8/gems/actionpack-3.0.1/lib/action_dispatch/middleware/templates/rescues/_trace.erb (60.3ms)
Rendered /home/nethaji/Projects/gemsource/ruby/1.8/gems/actionpack-3.0.1/lib/action_dispatch/middleware/templates/rescues/_request_and_response.erb (7.9ms)
Rendered /home/nethaji/Projects/gemsource/ruby/1.8/gems/actionpack-3.0.1/lib/action_dispatch/middleware/templates/rescues/template_error.erb within rescues/layout (71.2ms)


Started GET "/users" for 127.0.0.1 at Fri Apr 20 10:19:40 +0530 2012
  Processing by UsersController#index as HTML
Rendered users/index.html.erb within layouts/admin (4.7ms)
Completed   in 23ms

ActionView::Template::Error (undefined method `strftime' for nil:NilClass):
    21:     <td><%=user.username%></td>
    22:     <td><%=user.state%></td>
    23:     <td><%=user.email%></td>
    24:     <td><% if !user.last_sign_in_at.present? %><%=user.last_sign_in_at.strftime("%m-%d-%y")%><% end %></td>
    25:     <td><%=user.last_sign_in_ip%></td>
    26:     <td><%=user.confirmation_sent_at.strftime("%m-%d-%y at %H-%M")%></td>
    27:     <td><%= link_to 'Edit', edit_user_registration_path(user) %></td>
  app/views/users/index.html.erb:24:in `_app_views_users_index_html_erb___283233607__615778248_0'
  app/views/users/index.html.erb:17:in `each'
  app/views/users/index.html.erb:17:in `_app_views_users_index_html_erb___283233607__615778248_0'
  app/controllers/users_controller.rb:8:in `index'

Rendered /home/nethaji/Projects/gemsource/ruby/1.8/gems/actionpack-3.0.1/lib/action_dispatch/middleware/templates/rescues/_trace.erb (0.8ms)
Rendered /home/nethaji/Projects/gemsource/ruby/1.8/gems/actionpack-3.0.1/lib/action_dispatch/middleware/templates/rescues/_request_and_response.erb (6.9ms)
Rendered /home/nethaji/Projects/gemsource/ruby/1.8/gems/actionpack-3.0.1/lib/action_dispatch/middleware/templates/rescues/template_error.erb within rescues/layout (10.1ms)


Started GET "/users" for 127.0.0.1 at Fri Apr 20 10:19:41 +0530 2012
  Processing by UsersController#index as HTML
Rendered users/index.html.erb within layouts/admin (2.3ms)
Completed   in 6ms

ActionView::Template::Error (undefined method `strftime' for nil:NilClass):
    21:     <td><%=user.username%></td>
    22:     <td><%=user.state%></td>
    23:     <td><%=user.email%></td>
    24:     <td><% if !user.last_sign_in_at.present? %><%=user.last_sign_in_at.strftime("%m-%d-%y")%><% end %></td>
    25:     <td><%=user.last_sign_in_ip%></td>
    26:     <td><%=user.confirmation_sent_at.strftime("%m-%d-%y at %H-%M")%></td>
    27:     <td><%= link_to 'Edit', edit_user_registration_path(user) %></td>
  app/views/users/index.html.erb:24:in `_app_views_users_index_html_erb___283233607__615778248_0'
  app/views/users/index.html.erb:17:in `each'
  app/views/users/index.html.erb:17:in `_app_views_users_index_html_erb___283233607__615778248_0'
  app/controllers/users_controller.rb:8:in `index'

Rendered /home/nethaji/Projects/gemsource/ruby/1.8/gems/actionpack-3.0.1/lib/action_dispatch/middleware/templates/rescues/_trace.erb (0.7ms)
Rendered /home/nethaji/Projects/gemsource/ruby/1.8/gems/actionpack-3.0.1/lib/action_dispatch/middleware/templates/rescues/_request_and_response.erb (6.1ms)
Rendered /home/nethaji/Projects/gemsource/ruby/1.8/gems/actionpack-3.0.1/lib/action_dispatch/middleware/templates/rescues/template_error.erb within rescues/layout (9.1ms)


Started GET "/users" for 127.0.0.1 at Fri Apr 20 10:19:41 +0530 2012
  Processing by UsersController#index as HTML
Rendered users/index.html.erb within layouts/admin (2.1ms)
Completed   in 9ms

ActionView::Template::Error (undefined method `strftime' for nil:NilClass):
    21:     <td><%=user.username%></td>
    22:     <td><%=user.state%></td>
    23:     <td><%=user.email%></td>
    24:     <td><% if !user.last_sign_in_at.present? %><%=user.last_sign_in_at.strftime("%m-%d-%y")%><% end %></td>
    25:     <td><%=user.last_sign_in_ip%></td>
    26:     <td><%=user.confirmation_sent_at.strftime("%m-%d-%y at %H-%M")%></td>
    27:     <td><%= link_to 'Edit', edit_user_registration_path(user) %></td>
  app/views/users/index.html.erb:24:in `_app_views_users_index_html_erb___283233607__615778248_0'
  app/views/users/index.html.erb:17:in `each'
  app/views/users/index.html.erb:17:in `_app_views_users_index_html_erb___283233607__615778248_0'
  app/controllers/users_controller.rb:8:in `index'

Rendered /home/nethaji/Projects/gemsource/ruby/1.8/gems/actionpack-3.0.1/lib/action_dispatch/middleware/templates/rescues/_trace.erb (0.8ms)
Rendered /home/nethaji/Projects/gemsource/ruby/1.8/gems/actionpack-3.0.1/lib/action_dispatch/middleware/templates/rescues/_request_and_response.erb (6.3ms)
Rendered /home/nethaji/Projects/gemsource/ruby/1.8/gems/actionpack-3.0.1/lib/action_dispatch/middleware/templates/rescues/template_error.erb within rescues/layout (9.4ms)


Started GET "/users" for 127.0.0.1 at Fri Apr 20 10:19:41 +0530 2012
  Processing by UsersController#index as HTML
Rendered users/index.html.erb within layouts/admin (3.2ms)
Completed   in 10ms

ActionView::Template::Error (undefined method `strftime' for nil:NilClass):
    21:     <td><%=user.username%></td>
    22:     <td><%=user.state%></td>
    23:     <td><%=user.email%></td>
    24:     <td><% if !user.last_sign_in_at.present? %><%=user.last_sign_in_at.strftime("%m-%d-%y")%><% end %></td>
    25:     <td><%=user.last_sign_in_ip%></td>
    26:     <td><%=user.confirmation_sent_at.strftime("%m-%d-%y at %H-%M")%></td>
    27:     <td><%= link_to 'Edit', edit_user_registration_path(user) %></td>
  app/views/users/index.html.erb:24:in `_app_views_users_index_html_erb___283233607__615778248_0'
  app/views/users/index.html.erb:17:in `each'
  app/views/users/index.html.erb:17:in `_app_views_users_index_html_erb___283233607__615778248_0'
  app/controllers/users_controller.rb:8:in `index'

Rendered /home/nethaji/Projects/gemsource/ruby/1.8/gems/actionpack-3.0.1/lib/action_dispatch/middleware/templates/rescues/_trace.erb (1.0ms)
Rendered /home/nethaji/Projects/gemsource/ruby/1.8/gems/actionpack-3.0.1/lib/action_dispatch/middleware/templates/rescues/_request_and_response.erb (6.7ms)
Rendered /home/nethaji/Projects/gemsource/ruby/1.8/gems/actionpack-3.0.1/lib/action_dispatch/middleware/templates/rescues/template_error.erb within rescues/layout (10.4ms)


Started GET "/users" for 127.0.0.1 at Fri Apr 20 10:19:42 +0530 2012
  Processing by UsersController#index as HTML
Rendered users/index.html.erb within layouts/admin (2.3ms)
Completed   in 7ms

ActionView::Template::Error (undefined method `strftime' for nil:NilClass):
    21:     <td><%=user.username%></td>
    22:     <td><%=user.state%></td>
    23:     <td><%=user.email%></td>
    24:     <td><% if !user.last_sign_in_at.present? %><%=user.last_sign_in_at.strftime("%m-%d-%y")%><% end %></td>
    25:     <td><%=user.last_sign_in_ip%></td>
    26:     <td><%=user.confirmation_sent_at.strftime("%m-%d-%y at %H-%M")%></td>
    27:     <td><%= link_to 'Edit', edit_user_registration_path(user) %></td>
  app/views/users/index.html.erb:24:in `_app_views_users_index_html_erb___283233607__615778248_0'
  app/views/users/index.html.erb:17:in `each'
  app/views/users/index.html.erb:17:in `_app_views_users_index_html_erb___283233607__615778248_0'
  app/controllers/users_controller.rb:8:in `index'

Rendered /home/nethaji/Projects/gemsource/ruby/1.8/gems/actionpack-3.0.1/lib/action_dispatch/middleware/templates/rescues/_trace.erb (0.7ms)
Rendered /home/nethaji/Projects/gemsource/ruby/1.8/gems/actionpack-3.0.1/lib/action_dispatch/middleware/templates/rescues/_request_and_response.erb (6.7ms)
Rendered /home/nethaji/Projects/gemsource/ruby/1.8/gems/actionpack-3.0.1/lib/action_dispatch/middleware/templates/rescues/template_error.erb within rescues/layout (9.8ms)


Started GET "/users" for 127.0.0.1 at Fri Apr 20 10:19:42 +0530 2012
  Processing by UsersController#index as HTML
Rendered users/index.html.erb within layouts/admin (2.2ms)
Completed   in 6ms

ActionView::Template::Error (undefined method `strftime' for nil:NilClass):
    21:     <td><%=user.username%></td>
    22:     <td><%=user.state%></td>
    23:     <td><%=user.email%></td>
    24:     <td><% if !user.last_sign_in_at.present? %><%=user.last_sign_in_at.strftime("%m-%d-%y")%><% end %></td>
    25:     <td><%=user.last_sign_in_ip%></td>
    26:     <td><%=user.confirmation_sent_at.strftime("%m-%d-%y at %H-%M")%></td>
    27:     <td><%= link_to 'Edit', edit_user_registration_path(user) %></td>
  app/views/users/index.html.erb:24:in `_app_views_users_index_html_erb___283233607__615778248_0'
  app/views/users/index.html.erb:17:in `each'
  app/views/users/index.html.erb:17:in `_app_views_users_index_html_erb___283233607__615778248_0'
  app/controllers/users_controller.rb:8:in `index'

Rendered /home/nethaji/Projects/gemsource/ruby/1.8/gems/actionpack-3.0.1/lib/action_dispatch/middleware/templates/rescues/_trace.erb (0.8ms)
Rendered /home/nethaji/Projects/gemsource/ruby/1.8/gems/actionpack-3.0.1/lib/action_dispatch/middleware/templates/rescues/_request_and_response.erb (5.9ms)
Rendered /home/nethaji/Projects/gemsource/ruby/1.8/gems/actionpack-3.0.1/lib/action_dispatch/middleware/templates/rescues/template_error.erb within rescues/layout (9.0ms)


Started GET "/users" for 127.0.0.1 at Fri Apr 20 10:19:42 +0530 2012
  Processing by UsersController#index as HTML
Rendered users/index.html.erb within layouts/admin (4.6ms)
Completed   in 12ms

ActionView::Template::Error (undefined method `strftime' for nil:NilClass):
    21:     <td><%=user.username%></td>
    22:     <td><%=user.state%></td>
    23:     <td><%=user.email%></td>
    24:     <td><% if !user.last_sign_in_at.present? %><%=user.last_sign_in_at.strftime("%m-%d-%y")%><% end %></td>
    25:     <td><%=user.last_sign_in_ip%></td>
    26:     <td><%=user.confirmation_sent_at.strftime("%m-%d-%y at %H-%M")%></td>
    27:     <td><%= link_to 'Edit', edit_user_registration_path(user) %></td>
  app/views/users/index.html.erb:24:in `_app_views_users_index_html_erb___283233607__615778248_0'
  app/views/users/index.html.erb:17:in `each'
  app/views/users/index.html.erb:17:in `_app_views_users_index_html_erb___283233607__615778248_0'
  app/controllers/users_controller.rb:8:in `index'

Rendered /home/nethaji/Projects/gemsource/ruby/1.8/gems/actionpack-3.0.1/lib/action_dispatch/middleware/templates/rescues/_trace.erb (0.7ms)
Rendered /home/nethaji/Projects/gemsource/ruby/1.8/gems/actionpack-3.0.1/lib/action_dispatch/middleware/templates/rescues/_request_and_response.erb (57.4ms)
Rendered /home/nethaji/Projects/gemsource/ruby/1.8/gems/actionpack-3.0.1/lib/action_dispatch/middleware/templates/rescues/template_error.erb within rescues/layout (61.5ms)


Started GET "/users" for 127.0.0.1 at Fri Apr 20 10:19:43 +0530 2012
  Processing by UsersController#index as HTML
Rendered users/index.html.erb within layouts/admin (2.5ms)
Completed   in 7ms

ActionView::Template::Error (undefined method `strftime' for nil:NilClass):
    21:     <td><%=user.username%></td>
    22:     <td><%=user.state%></td>
    23:     <td><%=user.email%></td>
    24:     <td><% if !user.last_sign_in_at.present? %><%=user.last_sign_in_at.strftime("%m-%d-%y")%><% end %></td>
    25:     <td><%=user.last_sign_in_ip%></td>
    26:     <td><%=user.confirmation_sent_at.strftime("%m-%d-%y at %H-%M")%></td>
    27:     <td><%= link_to 'Edit', edit_user_registration_path(user) %></td>
  app/views/users/index.html.erb:24:in `_app_views_users_index_html_erb___283233607__615778248_0'
  app/views/users/index.html.erb:17:in `each'
  app/views/users/index.html.erb:17:in `_app_views_users_index_html_erb___283233607__615778248_0'
  app/controllers/users_controller.rb:8:in `index'

Rendered /home/nethaji/Projects/gemsource/ruby/1.8/gems/actionpack-3.0.1/lib/action_dispatch/middleware/templates/rescues/_trace.erb (0.7ms)
Rendered /home/nethaji/Projects/gemsource/ruby/1.8/gems/actionpack-3.0.1/lib/action_dispatch/middleware/templates/rescues/_request_and_response.erb (7.4ms)
Rendered /home/nethaji/Projects/gemsource/ruby/1.8/gems/actionpack-3.0.1/lib/action_dispatch/middleware/templates/rescues/template_error.erb within rescues/layout (10.5ms)


Started GET "/users" for 127.0.0.1 at Fri Apr 20 10:19:43 +0530 2012
  Processing by UsersController#index as HTML
Rendered users/index.html.erb within layouts/admin (4.4ms)
Completed   in 10ms

ActionView::Template::Error (undefined method `strftime' for nil:NilClass):
    21:     <td><%=user.username%></td>
    22:     <td><%=user.state%></td>
    23:     <td><%=user.email%></td>
    24:     <td><% if !user.last_sign_in_at.present? %><%=user.last_sign_in_at.strftime("%m-%d-%y")%><% end %></td>
    25:     <td><%=user.last_sign_in_ip%></td>
    26:     <td><%=user.confirmation_sent_at.strftime("%m-%d-%y at %H-%M")%></td>
    27:     <td><%= link_to 'Edit', edit_user_registration_path(user) %></td>
  app/views/users/index.html.erb:24:in `_app_views_users_index_html_erb___283233607__615778248_0'
  app/views/users/index.html.erb:17:in `each'
  app/views/users/index.html.erb:17:in `_app_views_users_index_html_erb___283233607__615778248_0'
  app/controllers/users_controller.rb:8:in `index'

Rendered /home/nethaji/Projects/gemsource/ruby/1.8/gems/actionpack-3.0.1/lib/action_dispatch/middleware/templates/rescues/_trace.erb (0.8ms)
Rendered /home/nethaji/Projects/gemsource/ruby/1.8/gems/actionpack-3.0.1/lib/action_dispatch/middleware/templates/rescues/_request_and_response.erb (6.6ms)
Rendered /home/nethaji/Projects/gemsource/ruby/1.8/gems/actionpack-3.0.1/lib/action_dispatch/middleware/templates/rescues/template_error.erb within rescues/layout (9.8ms)


Started GET "/users" for 127.0.0.1 at Fri Apr 20 10:19:43 +0530 2012
  Processing by UsersController#index as HTML
Rendered users/index.html.erb within layouts/admin (4.3ms)
Completed   in 11ms

ActionView::Template::Error (undefined method `strftime' for nil:NilClass):
    21:     <td><%=user.username%></td>
    22:     <td><%=user.state%></td>
    23:     <td><%=user.email%></td>
    24:     <td><% if !user.last_sign_in_at.present? %><%=user.last_sign_in_at.strftime("%m-%d-%y")%><% end %></td>
    25:     <td><%=user.last_sign_in_ip%></td>
    26:     <td><%=user.confirmation_sent_at.strftime("%m-%d-%y at %H-%M")%></td>
    27:     <td><%= link_to 'Edit', edit_user_registration_path(user) %></td>
  app/views/users/index.html.erb:24:in `_app_views_users_index_html_erb___283233607__615778248_0'
  app/views/users/index.html.erb:17:in `each'
  app/views/users/index.html.erb:17:in `_app_views_users_index_html_erb___283233607__615778248_0'
  app/controllers/users_controller.rb:8:in `index'

Rendered /home/nethaji/Projects/gemsource/ruby/1.8/gems/actionpack-3.0.1/lib/action_dispatch/middleware/templates/rescues/_trace.erb (0.7ms)
Rendered /home/nethaji/Projects/gemsource/ruby/1.8/gems/actionpack-3.0.1/lib/action_dispatch/middleware/templates/rescues/_request_and_response.erb (6.5ms)
Rendered /home/nethaji/Projects/gemsource/ruby/1.8/gems/actionpack-3.0.1/lib/action_dispatch/middleware/templates/rescues/template_error.erb within rescues/layout (10.1ms)


Started GET "/users" for 127.0.0.1 at Fri Apr 20 10:19:43 +0530 2012
  Processing by UsersController#index as HTML
Rendered users/index.html.erb within layouts/admin (4.4ms)
Completed   in 11ms

ActionView::Template::Error (undefined method `strftime' for nil:NilClass):
    21:     <td><%=user.username%></td>
    22:     <td><%=user.state%></td>
    23:     <td><%=user.email%></td>
    24:     <td><% if !user.last_sign_in_at.present? %><%=user.last_sign_in_at.strftime("%m-%d-%y")%><% end %></td>
    25:     <td><%=user.last_sign_in_ip%></td>
    26:     <td><%=user.confirmation_sent_at.strftime("%m-%d-%y at %H-%M")%></td>
    27:     <td><%= link_to 'Edit', edit_user_registration_path(user) %></td>
  app/views/users/index.html.erb:24:in `_app_views_users_index_html_erb___283233607__615778248_0'
  app/views/users/index.html.erb:17:in `each'
  app/views/users/index.html.erb:17:in `_app_views_users_index_html_erb___283233607__615778248_0'
  app/controllers/users_controller.rb:8:in `index'

Rendered /home/nethaji/Projects/gemsource/ruby/1.8/gems/actionpack-3.0.1/lib/action_dispatch/middleware/templates/rescues/_trace.erb (0.7ms)
Rendered /home/nethaji/Projects/gemsource/ruby/1.8/gems/actionpack-3.0.1/lib/action_dispatch/middleware/templates/rescues/_request_and_response.erb (63.5ms)
Rendered /home/nethaji/Projects/gemsource/ruby/1.8/gems/actionpack-3.0.1/lib/action_dispatch/middleware/templates/rescues/template_error.erb within rescues/layout (66.4ms)


Started GET "/users" for 127.0.0.1 at Fri Apr 20 10:19:44 +0530 2012
  Processing by UsersController#index as HTML
Rendered users/index.html.erb within layouts/admin (2.5ms)
Completed   in 8ms

ActionView::Template::Error (undefined method `strftime' for nil:NilClass):
    21:     <td><%=user.username%></td>
    22:     <td><%=user.state%></td>
    23:     <td><%=user.email%></td>
    24:     <td><% if !user.last_sign_in_at.present? %><%=user.last_sign_in_at.strftime("%m-%d-%y")%><% end %></td>
    25:     <td><%=user.last_sign_in_ip%></td>
    26:     <td><%=user.confirmation_sent_at.strftime("%m-%d-%y at %H-%M")%></td>
    27:     <td><%= link_to 'Edit', edit_user_registration_path(user) %></td>
  app/views/users/index.html.erb:24:in `_app_views_users_index_html_erb___283233607__615778248_0'
  app/views/users/index.html.erb:17:in `each'
  app/views/users/index.html.erb:17:in `_app_views_users_index_html_erb___283233607__615778248_0'
  app/controllers/users_controller.rb:8:in `index'

Rendered /home/nethaji/Projects/gemsource/ruby/1.8/gems/actionpack-3.0.1/lib/action_dispatch/middleware/templates/rescues/_trace.erb (0.8ms)
Rendered /home/nethaji/Projects/gemsource/ruby/1.8/gems/actionpack-3.0.1/lib/action_dispatch/middleware/templates/rescues/_request_and_response.erb (8.2ms)
Rendered /home/nethaji/Projects/gemsource/ruby/1.8/gems/actionpack-3.0.1/lib/action_dispatch/middleware/templates/rescues/template_error.erb within rescues/layout (11.8ms)


Started GET "/users" for 127.0.0.1 at Fri Apr 20 10:19:44 +0530 2012
  Processing by UsersController#index as HTML
Rendered users/index.html.erb within layouts/admin (3.0ms)
Completed   in 8ms

ActionView::Template::Error (undefined method `strftime' for nil:NilClass):
    21:     <td><%=user.username%></td>
    22:     <td><%=user.state%></td>
    23:     <td><%=user.email%></td>
    24:     <td><% if !user.last_sign_in_at.present? %><%=user.last_sign_in_at.strftime("%m-%d-%y")%><% end %></td>
    25:     <td><%=user.last_sign_in_ip%></td>
    26:     <td><%=user.confirmation_sent_at.strftime("%m-%d-%y at %H-%M")%></td>
    27:     <td><%= link_to 'Edit', edit_user_registration_path(user) %></td>
  app/views/users/index.html.erb:24:in `_app_views_users_index_html_erb___283233607__615778248_0'
  app/views/users/index.html.erb:17:in `each'
  app/views/users/index.html.erb:17:in `_app_views_users_index_html_erb___283233607__615778248_0'
  app/controllers/users_controller.rb:8:in `index'

Rendered /home/nethaji/Projects/gemsource/ruby/1.8/gems/actionpack-3.0.1/lib/action_dispatch/middleware/templates/rescues/_trace.erb (0.7ms)
Rendered /home/nethaji/Projects/gemsource/ruby/1.8/gems/actionpack-3.0.1/lib/action_dispatch/middleware/templates/rescues/_request_and_response.erb (6.6ms)
Rendered /home/nethaji/Projects/gemsource/ruby/1.8/gems/actionpack-3.0.1/lib/action_dispatch/middleware/templates/rescues/template_error.erb within rescues/layout (9.7ms)


Started GET "/users" for 127.0.0.1 at Fri Apr 20 10:22:10 +0530 2012
  Processing by UsersController#index as HTML
Rendered users/index.html.erb within layouts/admin (9.0ms)
Completed 200 OK in 26ms (Views: 10.7ms | ActiveRecord: 0.3ms)


Started GET "/users" for 127.0.0.1 at Fri Apr 20 10:22:12 +0530 2012
  Processing by UsersController#index as HTML
Rendered users/index.html.erb within layouts/admin (8.6ms)
Completed 200 OK in 15ms (Views: 9.3ms | ActiveRecord: 0.2ms)


Started GET "/forums/new" for 127.0.0.1 at Fri Apr 20 10:22:28 +0530 2012
  Processing by ForumsController#new as HTML
Rendered forums/_form.html.erb (7.7ms)
Rendered forums/new.html.erb within layouts/admin (12.2ms)
Completed 200 OK in 20ms (Views: 13.6ms | ActiveRecord: 0.1ms)


Started GET "/users" for 127.0.0.1 at Fri Apr 20 10:22:29 +0530 2012
  Processing by UsersController#index as HTML
Rendered users/index.html.erb within layouts/admin (9.6ms)
Completed 200 OK in 16ms (Views: 10.2ms | ActiveRecord: 0.2ms)


Started GET "/tcoms" for 127.0.0.1 at Fri Apr 20 10:22:30 +0530 2012
  Processing by TcomsController#index as HTML
Rendered tcoms/index.html.erb within layouts/tcoms (6.4ms)
Completed 200 OK in 13ms (Views: 7.6ms | ActiveRecord: 0.7ms)


Started GET "/contacts" for 127.0.0.1 at Fri Apr 20 10:22:33 +0530 2012
  Processing by ContactsController#index as HTML
Rendered contacts/index.html.erb within layouts/admin (3.5ms)
Completed 200 OK in 10ms (Views: 5.0ms | ActiveRecord: 0.2ms)


Started GET "/users" for 127.0.0.1 at Fri Apr 20 10:23:29 +0530 2012
  Processing by UsersController#index as HTML
Rendered users/index.html.erb within layouts/admin (6.1ms)
Completed 200 OK in 14ms (Views: 6.6ms | ActiveRecord: 0.3ms)


Started GET "/forums/new" for 127.0.0.1 at Fri Apr 20 10:23:30 +0530 2012
  Processing by ForumsController#new as HTML
Rendered forums/_form.html.erb (2.0ms)
Rendered forums/new.html.erb within layouts/admin (5.0ms)
Completed 200 OK in 11ms (Views: 5.4ms | ActiveRecord: 0.2ms)


Started GET "/users/sign_out" for 127.0.0.1 at Fri Apr 20 10:23:31 +0530 2012
  Processing by Devise::SessionsController#destroy as HTML
Redirected to http://localhost:3000/
Completed 302 Found in 7ms


Started GET "/" for 127.0.0.1 at Fri Apr 20 10:23:31 +0530 2012
  Processing by HomesController#index as HTML
Rendered homes/index.html.erb within layouts/application (4.4ms)
Completed 200 OK in 10ms (Views: 8.8ms | ActiveRecord: 0.4ms)


Started GET "/users/sign_up" for 127.0.0.1 at Fri Apr 20 10:23:33 +0530 2012
  Processing by Devise::RegistrationsController#new as HTML
Rendered devise/shared/_links.erb (1.4ms)
Rendered devise/registrations/new.html.erb within layouts/application (23.7ms)
Completed 200 OK in 27ms (Views: 26.2ms | ActiveRecord: 0.3ms)


Started GET "/users/sign_in" for 127.0.0.1 at Fri Apr 20 10:23:34 +0530 2012
  Processing by Devise::SessionsController#new as HTML
Rendered devise/shared/_links.erb (0.5ms)
Rendered devise/sessions/new.html.erb within layouts/application (6.3ms)
Completed 200 OK in 13ms (Views: 11.2ms | ActiveRecord: 0.0ms)


Started GET "/contacts/new" for 127.0.0.1 at Fri Apr 20 10:23:36 +0530 2012
  Processing by ContactsController#new as HTML
Rendered contacts/_form.html.erb (7.6ms)
Rendered contacts/new.html.erb within layouts/application (13.2ms)
Completed 200 OK in 15ms (Views: 14.1ms | ActiveRecord: 0.0ms)


Started GET "/homes" for 127.0.0.1 at Fri Apr 20 10:23:38 +0530 2012
  Processing by HomesController#index as HTML
Rendered homes/index.html.erb within layouts/application (4.2ms)
Completed 200 OK in 5ms (Views: 4.7ms | ActiveRecord: 0.0ms)


Started GET "/users/sign_in" for 127.0.0.1 at Fri Apr 20 10:23:42 +0530 2012
  Processing by Devise::SessionsController#new as HTML
Rendered devise/shared/_links.erb (0.6ms)
Rendered devise/sessions/new.html.erb within layouts/application (6.1ms)
Completed 200 OK in 7ms (Views: 6.5ms | ActiveRecord: 0.0ms)


Started POST "/users/sign_in" for 127.0.0.1 at Fri Apr 20 10:23:47 +0530 2012
  Processing by Devise::SessionsController#create as HTML
  Parameters: {"commit"=>"Login Now", "authenticity_token"=>"AfWJXb8uiUalWWy2G75mdwm4c+DJZq2sJZBZC22jEP8=", "utf8"=>"✓", "user"=>{"remember_me"=>"0", "password"=>"[FILTERED]", "email"=>"chandirabose@gmail.com"}}
Redirected to http://localhost:3000/
Completed 302 Found in 157ms


Started GET "/" for 127.0.0.1 at Fri Apr 20 10:23:47 +0530 2012
  Processing by HomesController#index as HTML
Redirected to http://localhost:3000/tcoms/new
Completed 302 Found in 7ms


Started GET "/tcoms/new" for 127.0.0.1 at Fri Apr 20 10:23:47 +0530 2012
  Processing by TcomsController#new as HTML
Rendered tcoms/_company_naic_fields.html.erb (1.1ms)
Rendered tcoms/_company_naic_fields.html.erb (0.6ms)
Rendered tcoms/_company_classification_fields.html.erb (1.0ms)
Rendered tcoms/_company_classification_fields.html.erb (0.4ms)
Rendered tcoms/_form.html.erb (97.3ms)
Rendered tcoms/new.html.erb within layouts/tcoms (112.6ms)
Completed 200 OK in 136ms (Views: 113.2ms | ActiveRecord: 0.4ms)


Started POST "/tcoms" for 127.0.0.1 at Fri Apr 20 10:27:05 +0530 2012
  Processing by TcomsController#create as HTML
  Parameters: {"commit"=>"Create Tcom", "tcom"=>{"business_structure"=>"vgvfgi", "business_start_date(2i)"=>"3", "city"=>"chennai", "address"=>"anna nagar, chennai 99979877856", "business_start_date(3i)"=>"2", "company_classifications_attributes"=>{"1334897821449"=>{"name"=>"greht", "_destroy"=>"false"}, "0"=>{"name"=>"ghgufgyu", "_destroy"=>"false"}}, "facility_clearance"=>"No", "duns"=>"hgdfkjgh", "company_name"=>"railsfactory", "title"=>"company", "industry_focus"=>"vkgvh", "customer_focus"=>"hhj", "contract_experience"=>"Yes", "business_type_id"=>"4", "zipcode"=>"5867598", "no_of_employee"=>"56679", "business_phone"=>"879607860879", "user_id"=>"1", "company_naics_attributes"=>{"1334897820393"=>{"name"=>"j6t4j4", "_destroy"=>"false"}, "0"=>{"name"=>"gbhghjb", "_destroy"=>"false"}}, "website"=>"http://www.blogboss.heroku.com", "product_and_service"=>"cdjb", "business_email"=>"chandirabose@gmail.com", "keywords"=>"vj", "business_start_date(1i)"=>"1900", "alternative_phone"=>"567860870897"}, "authenticity_token"=>"AfWJXb8uiUalWWy2G75mdwm4c+DJZq2sJZBZC22jEP8=", "utf8"=>"✓"}
Rendered notifier/registration_email.text.erb (0.2ms)

Sent mail to chandirabose@gmail.com (21698ms)
Redirected to http://localhost:3000/tcoms/1
Completed 302 Found in 21813ms


Started GET "/tcoms/1" for 127.0.0.1 at Fri Apr 20 10:27:26 +0530 2012
  Processing by TcomsController#show as HTML
  Parameters: {"id"=>"1"}
Rendered tcoms/show.html.erb within layouts/tcoms (5.0ms)
Completed 200 OK in 13ms (Views: 5.4ms | ActiveRecord: 73.4ms)


Started GET "/tcoms/1/edit" for 127.0.0.1 at Fri Apr 20 10:27:31 +0530 2012
  Processing by TcomsController#edit as HTML
  Parameters: {"id"=>"1"}
Rendered tcoms/_company_naic_fields.html.erb (0.3ms)
Rendered tcoms/_company_naic_fields.html.erb (0.3ms)
Rendered tcoms/_company_naic_fields.html.erb (0.3ms)
Rendered tcoms/_company_classification_fields.html.erb (0.3ms)
Rendered tcoms/_company_classification_fields.html.erb (0.3ms)
Rendered tcoms/_company_classification_fields.html.erb (0.3ms)
Rendered tcoms/_form.html.erb (40.0ms)
Rendered tcoms/edit.html.erb within layouts/tcoms (103.7ms)
Completed 200 OK in 111ms (Views: 104.1ms | ActiveRecord: 1.2ms)


Started GET "/tcoms/1/edit" for 127.0.0.1 at Fri Apr 20 10:27:35 +0530 2012
  Processing by TcomsController#edit as HTML
  Parameters: {"id"=>"1"}
Rendered tcoms/_company_naic_fields.html.erb (0.4ms)
Rendered tcoms/_company_naic_fields.html.erb (0.3ms)
Rendered tcoms/_company_naic_fields.html.erb (0.3ms)
Rendered tcoms/_company_classification_fields.html.erb (0.4ms)
Rendered tcoms/_company_classification_fields.html.erb (0.3ms)
Rendered tcoms/_company_classification_fields.html.erb (0.4ms)
Rendered tcoms/_form.html.erb (42.0ms)
Rendered tcoms/edit.html.erb within layouts/tcoms (47.2ms)
Completed 200 OK in 52ms (Views: 46.8ms | ActiveRecord: 1.1ms)


Started GET "/users/sign_out" for 127.0.0.1 at Fri Apr 20 10:27:40 +0530 2012
  Processing by Devise::SessionsController#destroy as HTML
Redirected to http://localhost:3000/
Completed 302 Found in 4ms


Started GET "/" for 127.0.0.1 at Fri Apr 20 10:27:40 +0530 2012
  Processing by HomesController#index as HTML
Rendered homes/index.html.erb within layouts/application (4.4ms)
Completed 200 OK in 6ms (Views: 5.0ms | ActiveRecord: 0.2ms)


Started GET "/users/sign_in" for 127.0.0.1 at Fri Apr 20 10:27:41 +0530 2012
  Processing by Devise::SessionsController#new as HTML
Rendered devise/shared/_links.erb (1.0ms)
Rendered devise/sessions/new.html.erb within layouts/application (9.0ms)
Completed 200 OK in 11ms (Views: 9.6ms | ActiveRecord: 0.0ms)


Started POST "/users/sign_in" for 127.0.0.1 at Fri Apr 20 10:27:43 +0530 2012
  Processing by Devise::SessionsController#create as HTML
  Parameters: {"commit"=>"Login Now", "authenticity_token"=>"v86tzqArRDstnuERJlZA4i9eIYK+etL3O59u8oQlIYs=", "utf8"=>"✓", "user"=>{"remember_me"=>"0", "password"=>"[FILTERED]", "email"=>"chandirabose@gmail.com"}}
Redirected to http://localhost:3000/
Completed 302 Found in 148ms


Started GET "/" for 127.0.0.1 at Fri Apr 20 10:27:43 +0530 2012
  Processing by HomesController#index as HTML
Rendered homes/index.html.erb within layouts/application (7.4ms)
Completed 200 OK in 16ms (Views: 7.8ms | ActiveRecord: 0.7ms)


Started GET "/mailbox/mailList" for 127.0.0.1 at Fri Apr 20 10:27:45 +0530 2012
  Processing by MailboxController#mailList as HTML
Rendered mailbox/mailList.html.erb within layouts/tcoms (5.1ms)
Completed 200 OK in 73ms (Views: 6.1ms | ActiveRecord: 0.2ms)


Started GET "/tcoms/1/edit" for 127.0.0.1 at Fri Apr 20 10:27:47 +0530 2012
  Processing by TcomsController#edit as HTML
  Parameters: {"id"=>"1"}
Rendered tcoms/_company_naic_fields.html.erb (0.4ms)
Rendered tcoms/_company_naic_fields.html.erb (0.3ms)
Rendered tcoms/_company_naic_fields.html.erb (0.3ms)
Rendered tcoms/_company_classification_fields.html.erb (0.3ms)
Rendered tcoms/_company_classification_fields.html.erb (0.3ms)
Rendered tcoms/_company_classification_fields.html.erb (0.3ms)
Rendered tcoms/_form.html.erb (39.1ms)
Rendered tcoms/edit.html.erb within layouts/tcoms (43.1ms)
Completed 200 OK in 49ms (Views: 43.1ms | ActiveRecord: 0.6ms)


Started GET "/tcoms/1/contact.html" for 127.0.0.1 at Fri Apr 20 10:27:49 +0530 2012

ActionController::RoutingError (No route matches "/tcoms/1/contact.html"):
  

Rendered /home/nethaji/Projects/gemsource/ruby/1.8/gems/actionpack-3.0.1/lib/action_dispatch/middleware/templates/rescues/routing_error.erb within rescues/layout (0.5ms)


Started GET "/teamings" for 127.0.0.1 at Fri Apr 20 10:27:51 +0530 2012
  Processing by TeamingsController#index as HTML
Rendered teamings/index.html.erb within layouts/teamings (152.3ms)
Completed 200 OK in 156ms (Views: 153.8ms | ActiveRecord: 0.1ms)


Started GET "/tcoms" for 127.0.0.1 at Fri Apr 20 10:27:54 +0530 2012
  Processing by TcomsController#index as HTML
Rendered tcoms/index.html.erb within layouts/tcoms (5.0ms)
Completed 200 OK in 12ms (Views: 5.4ms | ActiveRecord: 0.6ms)


Started GET "/mailbox/mailList" for 127.0.0.1 at Fri Apr 20 10:27:55 +0530 2012
  Processing by MailboxController#mailList as HTML
Rendered mailbox/mailList.html.erb within layouts/tcoms (6.2ms)
Completed 200 OK in 9ms (Views: 6.3ms | ActiveRecord: 0.4ms)


Started GET "/tcoms" for 127.0.0.1 at Fri Apr 20 10:27:57 +0530 2012
  Processing by TcomsController#index as HTML
Rendered tcoms/index.html.erb within layouts/tcoms (8.5ms)
Completed 200 OK in 14ms (Views: 9.0ms | ActiveRecord: 0.3ms)


Started GET "/users/sign_out" for 127.0.0.1 at Fri Apr 20 10:28:29 +0530 2012
  Processing by Devise::SessionsController#destroy as HTML
Redirected to http://localhost:3000/
Completed 302 Found in 7ms


Started GET "/" for 127.0.0.1 at Fri Apr 20 10:28:29 +0530 2012
  Processing by HomesController#index as HTML
Rendered homes/index.html.erb within layouts/application (3.6ms)
Completed 200 OK in 5ms (Views: 4.5ms | ActiveRecord: 0.3ms)


Started GET "/users/sign_in" for 127.0.0.1 at Fri Apr 20 10:28:30 +0530 2012
  Processing by Devise::SessionsController#new as HTML
Rendered devise/shared/_links.erb (1.1ms)
Rendered devise/sessions/new.html.erb within layouts/application (10.7ms)
Completed 200 OK in 13ms (Views: 11.3ms | ActiveRecord: 0.0ms)


Started POST "/users/sign_in" for 127.0.0.1 at Fri Apr 20 10:28:38 +0530 2012
  Processing by Devise::SessionsController#create as HTML
  Parameters: {"commit"=>"Login Now", "authenticity_token"=>"KM0RLEzdKdIfiJ6Yz9GASsHwFVXaX28j1DqSrsZqpic=", "utf8"=>"✓", "user"=>{"remember_me"=>"0", "password"=>"[FILTERED]", "email"=>"chandiranbose@gmail.com"}}
Redirected to http://localhost:3000/
Completed 302 Found in 144ms


Started GET "/" for 127.0.0.1 at Fri Apr 20 10:28:38 +0530 2012
  Processing by HomesController#index as HTML
Rendered homes/index.html.erb within layouts/application (9.1ms)
Completed 200 OK in 18ms (Views: 9.9ms | ActiveRecord: 0.6ms)


Started GET "/homes" for 127.0.0.1 at Fri Apr 20 10:28:48 +0530 2012
  Processing by HomesController#index as HTML
Rendered homes/index.html.erb within layouts/application (4.1ms)
Completed 200 OK in 13ms (Views: 4.5ms | ActiveRecord: 0.3ms)


Started GET "/contacts/new" for 127.0.0.1 at Fri Apr 20 10:28:49 +0530 2012
  Processing by ContactsController#new as HTML
Rendered contacts/_form.html.erb (5.7ms)
Rendered contacts/new.html.erb within layouts/application (10.8ms)
Completed 200 OK in 16ms (Views: 11.3ms | ActiveRecord: 0.2ms)


Started POST "/contacts" for 127.0.0.1 at Fri Apr 20 10:30:30 +0530 2012
  Processing by ContactsController#create as HTML
  Parameters: {"commit"=>"Send Mail", "contact"=>{"name"=>"nethaji", "company_name"=>"sedin", "subject"=>"request for test", "mobile_number"=>"9629249662", "description"=>"blah blah blah blah blah blah blah blah blah blah blah blah blah blah blah blah blah blah ", "email"=>"chandirabose@gmail.com"}, "authenticity_token"=>"KM0RLEzdKdIfiJ6Yz9GASsHwFVXaX28j1DqSrsZqpic=", "utf8"=>"✓"}
Rendered notifier/contact_us_email.text.erb (0.4ms)

Sent mail to nethaji@railsfactory.org (16306ms)
Redirected to http://localhost:3000/homes
Completed 302 Found in 16474ms


Started GET "/homes" for 127.0.0.1 at Fri Apr 20 10:30:47 +0530 2012
  Processing by HomesController#index as HTML
Rendered homes/index.html.erb within layouts/application (6.4ms)
Completed 200 OK in 14ms (Views: 6.7ms | ActiveRecord: 83.5ms)


Started GET "/users/confirmation?confirmation_token=7dhBdApntqbh9HtJSpjs" for 127.0.0.1 at Fri Apr 20 10:48:50 +0530 2012
  Processing by Devise::ConfirmationsController#show as HTML
  Parameters: {"confirmation_token"=>"7dhBdApntqbh9HtJSpjs"}
Rendered devise/shared/_links.erb (1.4ms)
Rendered devise/confirmations/new.html.erb within layouts/application (14.4ms)
Completed 200 OK in 32ms (Views: 19.8ms | ActiveRecord: 0.5ms)
